This file contains any messages produced by compilers while
running configure, to aid debugging if configure makes a mistake.

It was created by ibp configure 1.4.0.6, which was
generated by GNU Autoconf 2.61.  Invocation command line was

  $ ./configure 

## --------- ##
## Platform. ##
## --------- ##

hostname = abc-aspire1
uname -m = x86_64
uname -r = 4.15.0-23-generic
uname -s = Linux
uname -v = #25-Ubuntu SMP Wed May 23 18:02:16 UTC 2018

/usr/bin/uname -p = unknown
/bin/uname -X     = unknown

/bin/arch              = unknown
/usr/bin/arch -k       = unknown
/usr/convex/getsysinfo = unknown
/usr/bin/hostinfo      = unknown
/bin/machine           = unknown
/usr/bin/oslevel       = unknown
/bin/universe          = unknown

PATH: /usr/local/sbin
PATH: /usr/local/bin
PATH: /usr/sbin
PATH: /usr/bin
PATH: /sbin
PATH: /bin
PATH: /usr/games
PATH: /usr/local/games
PATH: /snap/bin


## ----------- ##
## Core tests. ##
## ----------- ##

configure:2008: checking build system type
configure:2026: result: x86_64-unknown-linux-gnu
configure:2048: checking host system type
configure:2063: result: x86_64-unknown-linux-gnu
configure:2085: checking target system type
configure:2100: result: x86_64-unknown-linux-gnu
configure:2152: checking for a BSD-compatible install
configure:2208: result: /usr/bin/install -c
configure:2219: checking whether build environment is sane
configure:2262: result: yes
configure:2290: checking for a thread-safe mkdir -p
configure:2329: result: /bin/mkdir -p
configure:2342: checking for gawk
configure:2372: result: no
configure:2342: checking for mawk
configure:2358: found /usr/bin/mawk
configure:2369: result: mawk
configure:2380: checking whether make sets $(MAKE)
configure:2401: result: yes
configure:2641: checking for gcc
configure:2657: found /usr/bin/gcc
configure:2668: result: gcc
configure:2906: checking for C compiler version
configure:2913: gcc --version >&5
gcc (Ubuntu 7.3.0-16ubuntu3) 7.3.0
Copyright (C) 2017 Free Software Foundation, Inc.
This is free software; see the source for copying conditions.  There is NO
warranty; not even for MERCHANTABILITY or FITNESS FOR A PARTICULAR PURPOSE.

configure:2916: $? = 0
configure:2923: gcc -v >&5
Using built-in specs.
COLLECT_GCC=gcc
COLLECT_LTO_WRAPPER=/usr/lib/gcc/x86_64-linux-gnu/7/lto-wrapper
OFFLOAD_TARGET_NAMES=nvptx-none
OFFLOAD_TARGET_DEFAULT=1
Target: x86_64-linux-gnu
Configured with: ../src/configure -v --with-pkgversion='Ubuntu 7.3.0-16ubuntu3' --with-bugurl=file:///usr/share/doc/gcc-7/README.Bugs --enable-languages=c,ada,c++,go,brig,d,fortran,objc,obj-c++ --prefix=/usr --with-gcc-major-version-only --with-as=/usr/bin/x86_64-linux-gnu-as --with-ld=/usr/bin/x86_64-linux-gnu-ld --program-suffix=-7 --program-prefix=x86_64-linux-gnu- --enable-shared --enable-linker-build-id --libexecdir=/usr/lib --without-included-gettext --enable-threads=posix --libdir=/usr/lib --enable-nls --with-sysroot=/ --enable-clocale=gnu --enable-libstdcxx-debug --enable-libstdcxx-time=yes --with-default-libstdcxx-abi=new --enable-gnu-unique-object --disable-vtable-verify --enable-libmpx --enable-plugin --enable-default-pie --with-system-zlib --with-target-system-zlib --enable-objc-gc=auto --enable-multiarch --disable-werror --with-arch-32=i686 --with-abi=m64 --with-multilib-list=m32,m64,mx32 --enable-multilib --with-tune=generic --enable-offload-targets=nvptx-none --without-cuda-driver --enable-checking=release --build=x86_64-linux-gnu --host=x86_64-linux-gnu --target=x86_64-linux-gnu
Thread model: posix
gcc version 7.3.0 (Ubuntu 7.3.0-16ubuntu3) 
configure:2926: $? = 0
configure:2933: gcc -V >&5
gcc: error: unrecognized command line option '-V'
gcc: fatal error: no input files
compilation terminated.
configure:2936: $? = 1
configure:2959: checking for C compiler default output file name
configure:2986: gcc    conftest.c  >&5
configure:2989: $? = 0
configure:3027: result: a.out
configure:3044: checking whether the C compiler works
configure:3054: ./a.out
configure:3057: $? = 0
configure:3074: result: yes
configure:3081: checking whether we are cross compiling
configure:3083: result: no
configure:3086: checking for suffix of executables
configure:3093: gcc -o conftest    conftest.c  >&5
configure:3096: $? = 0
configure:3120: result: 
configure:3126: checking for suffix of object files
configure:3152: gcc -c   conftest.c >&5
configure:3155: $? = 0
configure:3178: result: o
configure:3182: checking whether we are using the GNU C compiler
configure:3211: gcc -c   conftest.c >&5
configure:3217: $? = 0
configure:3234: result: yes
configure:3239: checking whether gcc accepts -g
configure:3269: gcc -c -g  conftest.c >&5
configure:3275: $? = 0
configure:3374: result: yes
configure:3391: checking for gcc option to accept ISO C89
configure:3465: gcc  -c -g -O2  conftest.c >&5
configure:3471: $? = 0
configure:3494: result: none needed
configure:3523: checking for style of include used by make
configure:3551: result: GNU
configure:3576: checking dependency style of gcc
configure:3667: result: gcc3
configure:3688: checking how to run the C preprocessor
configure:3728: gcc -E  conftest.c
configure:3734: $? = 0
configure:3765: gcc -E  conftest.c
conftest.c:10:10: fatal error: ac_nonexistent.h: No such file or directory
 #include <ac_nonexistent.h>
          ^~~~~~~~~~~~~~~~~~
compilation terminated.
configure:3771: $? = 1
configure: failed program was:
| /* confdefs.h.  */
| #define PACKAGE_NAME "ibp"
| #define PACKAGE_TARNAME "ibp"
| #define PACKAGE_VERSION "1.4.0.6"
| #define PACKAGE_STRING "ibp 1.4.0.6"
| #define PACKAGE_BUGREPORT ""
| #define PACKAGE "ibp"
| #define VERSION "1.4.0.6"
| /* end confdefs.h.  */
| #include <ac_nonexistent.h>
configure:3804: result: gcc -E
configure:3833: gcc -E  conftest.c
configure:3839: $? = 0
configure:3870: gcc -E  conftest.c
conftest.c:10:10: fatal error: ac_nonexistent.h: No such file or directory
 #include <ac_nonexistent.h>
          ^~~~~~~~~~~~~~~~~~
compilation terminated.
configure:3876: $? = 1
configure: failed program was:
| /* confdefs.h.  */
| #define PACKAGE_NAME "ibp"
| #define PACKAGE_TARNAME "ibp"
| #define PACKAGE_VERSION "1.4.0.6"
| #define PACKAGE_STRING "ibp 1.4.0.6"
| #define PACKAGE_BUGREPORT ""
| #define PACKAGE "ibp"
| #define VERSION "1.4.0.6"
| /* end confdefs.h.  */
| #include <ac_nonexistent.h>
configure:3914: checking for grep that handles long lines and -e
configure:3988: result: /bin/grep
configure:3993: checking for egrep
configure:4071: result: /bin/grep -E
configure:4077: checking whether gcc needs -traditional
configure:4119: result: no
configure:4139: checking for a BSD-compatible install
configure:4195: result: /usr/bin/install -c
configure:4207: checking for AIX
configure:4229: result: no
configure:4235: checking for ANSI C header files
configure:4265: gcc -c -g -O2  conftest.c >&5
configure:4271: $? = 0
configure:4370: gcc -o conftest -g -O2   conftest.c  >&5
configure:4373: $? = 0
configure:4379: ./conftest
configure:4382: $? = 0
configure:4399: result: yes
configure:4423: checking for sys/types.h
configure:4444: gcc -c -g -O2  conftest.c >&5
configure:4450: $? = 0
configure:4466: result: yes
configure:4423: checking for sys/stat.h
configure:4444: gcc -c -g -O2  conftest.c >&5
configure:4450: $? = 0
configure:4466: result: yes
configure:4423: checking for stdlib.h
configure:4444: gcc -c -g -O2  conftest.c >&5
configure:4450: $? = 0
configure:4466: result: yes
configure:4423: checking for string.h
configure:4444: gcc -c -g -O2  conftest.c >&5
configure:4450: $? = 0
configure:4466: result: yes
configure:4423: checking for memory.h
configure:4444: gcc -c -g -O2  conftest.c >&5
configure:4450: $? = 0
configure:4466: result: yes
configure:4423: checking for strings.h
configure:4444: gcc -c -g -O2  conftest.c >&5
configure:4450: $? = 0
configure:4466: result: yes
configure:4423: checking for inttypes.h
configure:4444: gcc -c -g -O2  conftest.c >&5
configure:4450: $? = 0
configure:4466: result: yes
configure:4423: checking for stdint.h
configure:4444: gcc -c -g -O2  conftest.c >&5
configure:4450: $? = 0
configure:4466: result: yes
configure:4423: checking for unistd.h
configure:4444: gcc -c -g -O2  conftest.c >&5
configure:4450: $? = 0
configure:4466: result: yes
configure:4480: checking for working alloca.h
configure:4507: gcc -o conftest -g -O2   conftest.c  >&5
configure:4513: $? = 0
configure:4530: result: yes
configure:4540: checking for alloca
configure:4587: gcc -o conftest -g -O2   conftest.c  >&5
configure:4593: $? = 0
configure:4610: result: yes
configure:4837: checking whether make sets $(MAKE)
configure:4858: result: yes
configure:4867: checking whether ln -s works
configure:4871: result: yes
configure:4881: checking for ping
configure:4900: found /bin/ping
configure:4913: result: /bin/ping
configure:4994: checking for a sed that does not truncate output
configure:5050: result: /bin/sed
configure:5064: checking for ld used by gcc
configure:5131: result: /usr/bin/x86_64-linux-gnu-ld
configure:5140: checking if the linker (/usr/bin/x86_64-linux-gnu-ld) is GNU ld
configure:5155: result: yes
configure:5160: checking for /usr/bin/x86_64-linux-gnu-ld option to reload object files
configure:5167: result: -r
configure:5185: checking for BSD-compatible nm
configure:5234: result: /usr/bin/nm -B
configure:5238: checking how to recognize dependent libraries
configure:5424: result: pass_all
configure:5512: gcc -c -g -O2  conftest.c >&5
configure:5515: $? = 0
configure:5678: checking dlfcn.h usability
configure:5695: gcc -c -g -O2  conftest.c >&5
configure:5701: $? = 0
configure:5715: result: yes
configure:5719: checking dlfcn.h presence
configure:5734: gcc -E  conftest.c
configure:5740: $? = 0
configure:5754: result: yes
configure:5782: checking for dlfcn.h
configure:5790: result: yes
configure:5861: checking for g++
configure:5877: found /usr/bin/g++
configure:5888: result: g++
configure:5919: checking for C++ compiler version
configure:5926: g++ --version >&5
g++ (Ubuntu 7.3.0-16ubuntu3) 7.3.0
Copyright (C) 2017 Free Software Foundation, Inc.
This is free software; see the source for copying conditions.  There is NO
warranty; not even for MERCHANTABILITY or FITNESS FOR A PARTICULAR PURPOSE.

configure:5929: $? = 0
configure:5936: g++ -v >&5
Using built-in specs.
COLLECT_GCC=g++
COLLECT_LTO_WRAPPER=/usr/lib/gcc/x86_64-linux-gnu/7/lto-wrapper
OFFLOAD_TARGET_NAMES=nvptx-none
OFFLOAD_TARGET_DEFAULT=1
Target: x86_64-linux-gnu
Configured with: ../src/configure -v --with-pkgversion='Ubuntu 7.3.0-16ubuntu3' --with-bugurl=file:///usr/share/doc/gcc-7/README.Bugs --enable-languages=c,ada,c++,go,brig,d,fortran,objc,obj-c++ --prefix=/usr --with-gcc-major-version-only --with-as=/usr/bin/x86_64-linux-gnu-as --with-ld=/usr/bin/x86_64-linux-gnu-ld --program-suffix=-7 --program-prefix=x86_64-linux-gnu- --enable-shared --enable-linker-build-id --libexecdir=/usr/lib --without-included-gettext --enable-threads=posix --libdir=/usr/lib --enable-nls --with-sysroot=/ --enable-clocale=gnu --enable-libstdcxx-debug --enable-libstdcxx-time=yes --with-default-libstdcxx-abi=new --enable-gnu-unique-object --disable-vtable-verify --enable-libmpx --enable-plugin --enable-default-pie --with-system-zlib --with-target-system-zlib --enable-objc-gc=auto --enable-multiarch --disable-werror --with-arch-32=i686 --with-abi=m64 --with-multilib-list=m32,m64,mx32 --enable-multilib --with-tune=generic --enable-offload-targets=nvptx-none --without-cuda-driver --enable-checking=release --build=x86_64-linux-gnu --host=x86_64-linux-gnu --target=x86_64-linux-gnu
Thread model: posix
gcc version 7.3.0 (Ubuntu 7.3.0-16ubuntu3) 
configure:5939: $? = 0
configure:5946: g++ -V >&5
g++: error: unrecognized command line option '-V'
g++: fatal error: no input files
compilation terminated.
configure:5949: $? = 1
configure:5952: checking whether we are using the GNU C++ compiler
configure:5981: g++ -c   conftest.cpp >&5
configure:5987: $? = 0
configure:6004: result: yes
configure:6009: checking whether g++ accepts -g
configure:6039: g++ -c -g  conftest.cpp >&5
configure:6045: $? = 0
configure:6144: result: yes
configure:6169: checking dependency style of g++
configure:6260: result: gcc3
configure:6285: checking how to run the C++ preprocessor
configure:6321: g++ -E  conftest.cpp
configure:6327: $? = 0
configure:6358: g++ -E  conftest.cpp
conftest.cpp:23:10: fatal error: ac_nonexistent.h: No such file or directory
 #include <ac_nonexistent.h>
          ^~~~~~~~~~~~~~~~~~
compilation terminated.
configure:6364: $? = 1
configure: failed program was:
| /* confdefs.h.  */
| #define PACKAGE_NAME "ibp"
| #define PACKAGE_TARNAME "ibp"
| #define PACKAGE_VERSION "1.4.0.6"
| #define PACKAGE_STRING "ibp 1.4.0.6"
| #define PACKAGE_BUGREPORT ""
| #define PACKAGE "ibp"
| #define VERSION "1.4.0.6"
| #define STDC_HEADERS 1
| #define HAVE_SYS_TYPES_H 1
| #define HAVE_SYS_STAT_H 1
| #define HAVE_STDLIB_H 1
| #define HAVE_STRING_H 1
| #define HAVE_MEMORY_H 1
| #define HAVE_STRINGS_H 1
| #define HAVE_INTTYPES_H 1
| #define HAVE_STDINT_H 1
| #define HAVE_UNISTD_H 1
| #define HAVE_ALLOCA_H 1
| #define HAVE_ALLOCA 1
| #define HAVE_DLFCN_H 1
| /* end confdefs.h.  */
| #include <ac_nonexistent.h>
configure:6397: result: g++ -E
configure:6426: g++ -E  conftest.cpp
configure:6432: $? = 0
configure:6463: g++ -E  conftest.cpp
conftest.cpp:23:10: fatal error: ac_nonexistent.h: No such file or directory
 #include <ac_nonexistent.h>
          ^~~~~~~~~~~~~~~~~~
compilation terminated.
configure:6469: $? = 1
configure: failed program was:
| /* confdefs.h.  */
| #define PACKAGE_NAME "ibp"
| #define PACKAGE_TARNAME "ibp"
| #define PACKAGE_VERSION "1.4.0.6"
| #define PACKAGE_STRING "ibp 1.4.0.6"
| #define PACKAGE_BUGREPORT ""
| #define PACKAGE "ibp"
| #define VERSION "1.4.0.6"
| #define STDC_HEADERS 1
| #define HAVE_SYS_TYPES_H 1
| #define HAVE_SYS_STAT_H 1
| #define HAVE_STDLIB_H 1
| #define HAVE_STRING_H 1
| #define HAVE_MEMORY_H 1
| #define HAVE_STRINGS_H 1
| #define HAVE_INTTYPES_H 1
| #define HAVE_STDINT_H 1
| #define HAVE_UNISTD_H 1
| #define HAVE_ALLOCA_H 1
| #define HAVE_ALLOCA 1
| #define HAVE_DLFCN_H 1
| /* end confdefs.h.  */
| #include <ac_nonexistent.h>
configure:6562: checking for g77
configure:6592: result: no
configure:6562: checking for xlf
configure:6592: result: no
configure:6562: checking for f77
configure:6592: result: no
configure:6562: checking for frt
configure:6592: result: no
configure:6562: checking for pgf77
configure:6592: result: no
configure:6562: checking for cf77
configure:6592: result: no
configure:6562: checking for fort77
configure:6592: result: no
configure:6562: checking for fl32
configure:6592: result: no
configure:6562: checking for af77
configure:6592: result: no
configure:6562: checking for xlf90
configure:6592: result: no
configure:6562: checking for f90
configure:6592: result: no
configure:6562: checking for pgf90
configure:6592: result: no
configure:6562: checking for pghpf
configure:6592: result: no
configure:6562: checking for epcf90
configure:6592: result: no
configure:6562: checking for gfortran
configure:6592: result: no
configure:6562: checking for g95
configure:6592: result: no
configure:6562: checking for xlf95
configure:6592: result: no
configure:6562: checking for f95
configure:6592: result: no
configure:6562: checking for fort
configure:6592: result: no
configure:6562: checking for ifort
configure:6592: result: no
configure:6562: checking for ifc
configure:6592: result: no
configure:6562: checking for efc
configure:6592: result: no
configure:6562: checking for pgf95
configure:6592: result: no
configure:6562: checking for lf95
configure:6592: result: no
configure:6562: checking for ftn
configure:6592: result: no
configure:6619: checking for Fortran 77 compiler version
configure:6626:  --version >&5
./configure: line 6627: --version: command not found
configure:6629: $? = 127
configure:6636:  -v >&5
./configure: line 6637: -v: command not found
configure:6639: $? = 127
configure:6646:  -V >&5
./configure: line 6647: -V: command not found
configure:6649: $? = 127
configure:6657: checking whether we are using the GNU Fortran 77 compiler
configure:6676:  -c  conftest.F >&5
./configure: line 6677: -c: command not found
configure:6682: $? = 127
configure: failed program was:
|       program main
| #ifndef __GNUC__
|        choke me
| #endif
| 
|       end
configure:6699: result: no
configure:6705: checking whether  accepts -g
configure:6722:  -c -g conftest.f >&5
./configure: line 6723: -c: command not found
configure:6728: $? = 127
configure: failed program was:
|       program main
| 
|       end
configure:6744: result: no
configure:6773: checking the maximum length of command line arguments
configure:6885: result: 1572864
configure:6897: checking command to parse /usr/bin/nm -B output from gcc object
configure:7002: gcc -c -g -O2  conftest.c >&5
configure:7005: $? = 0
configure:7009: /usr/bin/nm -B conftest.o \| sed -n -e 's/^.*[ 	]\([ABCDGIRSTW][ABCDGIRSTW]*\)[ 	][ 	]*\([_A-Za-z][_A-Za-z0-9]*\)$/\1 \2 \2/p' \> conftest.nm
configure:7012: $? = 0
configure:7064: gcc -o conftest -g -O2   conftest.c conftstm.o >&5
configure:7067: $? = 0
configure:7105: result: ok
configure:7109: checking for objdir
configure:7124: result: .libs
configure:7216: checking for ar
configure:7232: found /usr/bin/ar
configure:7243: result: ar
configure:7312: checking for ranlib
configure:7328: found /usr/bin/ranlib
configure:7339: result: ranlib
configure:7408: checking for strip
configure:7424: found /usr/bin/strip
configure:7435: result: strip
configure:8033: checking if gcc supports -fno-rtti -fno-exceptions
configure:8051: gcc -c -g -O2  -fno-rtti -fno-exceptions conftest.c >&5
cc1: warning: command line option '-fno-rtti' is valid for C++/ObjC++ but not for C
configure:8055: $? = 0
configure:8068: result: no
configure:8083: checking for gcc option to produce PIC
configure:8315: result: -fPIC
configure:8323: checking if gcc PIC flag -fPIC works
configure:8341: gcc -c -g -O2  -fPIC -DPIC conftest.c >&5
configure:8345: $? = 0
configure:8358: result: yes
configure:8386: checking if gcc static flag -static works
configure:8414: result: yes
configure:8424: checking if gcc supports -c -o file.o
configure:8445: gcc -c -g -O2  -o out/conftest2.o conftest.c >&5
configure:8449: $? = 0
configure:8471: result: yes
configure:8497: checking whether the gcc linker (/usr/bin/x86_64-linux-gnu-ld -m elf_x86_64) supports shared libraries
configure:9478: result: yes
configure:9499: checking whether -lc should be explicitly linked in
configure:9504: gcc -c -g -O2  conftest.c >&5
configure:9507: $? = 0
configure:9522: gcc -shared conftest.o  -v -Wl,-soname -Wl,conftest -o conftest 2\>\&1 \| grep  -lc  \>/dev/null 2\>\&1
configure:9525: $? = 0
configure:9537: result: no
configure:9545: checking dynamic linker characteristics
configure:10159: result: GNU/Linux ld.so
configure:10183: checking how to hardcode library paths into programs
configure:10208: result: immediate
configure:10222: checking whether stripping libraries is possible
configure:10227: result: yes
configure:11029: checking if libtool supports shared libraries
configure:11031: result: yes
configure:11034: checking whether to build shared libraries
configure:11055: result: yes
configure:11058: checking whether to build static libraries
configure:11062: result: yes
configure:11156: creating libtool
configure:11749: checking for ld used by g++
configure:11816: result: /usr/bin/x86_64-linux-gnu-ld -m elf_x86_64
configure:11825: checking if the linker (/usr/bin/x86_64-linux-gnu-ld -m elf_x86_64) is GNU ld
configure:11840: result: yes
configure:11891: checking whether the g++ linker (/usr/bin/x86_64-linux-gnu-ld -m elf_x86_64) supports shared libraries
configure:12837: result: yes
configure:12854: g++ -c -g -O2  conftest.cpp >&5
configure:12857: $? = 0
configure:13013: checking for g++ option to produce PIC
configure:13297: result: -fPIC
configure:13305: checking if g++ PIC flag -fPIC works
configure:13323: g++ -c -g -O2  -fPIC -DPIC conftest.cpp >&5
configure:13327: $? = 0
configure:13340: result: yes
configure:13368: checking if g++ static flag -static works
configure:13396: result: yes
configure:13406: checking if g++ supports -c -o file.o
configure:13427: g++ -c -g -O2  -o out/conftest2.o conftest.cpp >&5
configure:13431: $? = 0
configure:13453: result: yes
configure:13479: checking whether the g++ linker (/usr/bin/x86_64-linux-gnu-ld -m elf_x86_64) supports shared libraries
configure:13508: result: yes
configure:13575: checking dynamic linker characteristics
configure:14137: result: GNU/Linux ld.so
configure:14161: checking how to hardcode library paths into programs
configure:14186: result: immediate
configure:20436: checking for pthread_create in -lpthread
configure:20471: gcc -o conftest -g -O2   conftest.c -lpthread   >&5
configure:20477: $? = 0
configure:20495: result: yes
configure:20579: checking for pthread_create in -lc_r
configure:20614: gcc -o conftest -g -O2   conftest.c -lc_r  -lpthread  >&5
/usr/bin/x86_64-linux-gnu-ld: cannot find -lc_r
collect2: error: ld returned 1 exit status
configure:20620: $? = 1
configure: failed program was:
| /* confdefs.h.  */
| #define PACKAGE_NAME "ibp"
| #define PACKAGE_TARNAME "ibp"
| #define PACKAGE_VERSION "1.4.0.6"
| #define PACKAGE_STRING "ibp 1.4.0.6"
| #define PACKAGE_BUGREPORT ""
| #define PACKAGE "ibp"
| #define VERSION "1.4.0.6"
| #define STDC_HEADERS 1
| #define HAVE_SYS_TYPES_H 1
| #define HAVE_SYS_STAT_H 1
| #define HAVE_STDLIB_H 1
| #define HAVE_STRING_H 1
| #define HAVE_MEMORY_H 1
| #define HAVE_STRINGS_H 1
| #define HAVE_INTTYPES_H 1
| #define HAVE_STDINT_H 1
| #define HAVE_UNISTD_H 1
| #define HAVE_ALLOCA_H 1
| #define HAVE_ALLOCA 1
| #define HAVE_DLFCN_H 1
| #define HAVE_LIBPTHREAD 1
| /* end confdefs.h.  */
| 
| /* Override any GCC internal prototype to avoid an error.
|    Use char because int might match the return type of a GCC
|    builtin and then its argument prototype would still apply.  */
| #ifdef __cplusplus
| extern "C"
| #endif
| char pthread_create ();
| int
| main ()
| {
| return pthread_create ();
|   ;
|   return 0;
| }
configure:20638: result: no
configure:20650: checking for connect in -lsocket
configure:20685: gcc -o conftest -g -O2   conftest.c -lsocket  -lpthread  >&5
/usr/bin/x86_64-linux-gnu-ld: cannot find -lsocket
collect2: error: ld returned 1 exit status
configure:20691: $? = 1
configure: failed program was:
| /* confdefs.h.  */
| #define PACKAGE_NAME "ibp"
| #define PACKAGE_TARNAME "ibp"
| #define PACKAGE_VERSION "1.4.0.6"
| #define PACKAGE_STRING "ibp 1.4.0.6"
| #define PACKAGE_BUGREPORT ""
| #define PACKAGE "ibp"
| #define VERSION "1.4.0.6"
| #define STDC_HEADERS 1
| #define HAVE_SYS_TYPES_H 1
| #define HAVE_SYS_STAT_H 1
| #define HAVE_STDLIB_H 1
| #define HAVE_STRING_H 1
| #define HAVE_MEMORY_H 1
| #define HAVE_STRINGS_H 1
| #define HAVE_INTTYPES_H 1
| #define HAVE_STDINT_H 1
| #define HAVE_UNISTD_H 1
| #define HAVE_ALLOCA_H 1
| #define HAVE_ALLOCA 1
| #define HAVE_DLFCN_H 1
| #define HAVE_LIBPTHREAD 1
| /* end confdefs.h.  */
| 
| /* Override any GCC internal prototype to avoid an error.
|    Use char because int might match the return type of a GCC
|    builtin and then its argument prototype would still apply.  */
| #ifdef __cplusplus
| extern "C"
| #endif
| char connect ();
| int
| main ()
| {
| return connect ();
|   ;
|   return 0;
| }
configure:20709: result: no
configure:20721: checking for c in -lgetpagesize
configure:20756: gcc -o conftest -g -O2   conftest.c -lgetpagesize  -lpthread  >&5
/usr/bin/x86_64-linux-gnu-ld: cannot find -lgetpagesize
collect2: error: ld returned 1 exit status
configure:20762: $? = 1
configure: failed program was:
| /* confdefs.h.  */
| #define PACKAGE_NAME "ibp"
| #define PACKAGE_TARNAME "ibp"
| #define PACKAGE_VERSION "1.4.0.6"
| #define PACKAGE_STRING "ibp 1.4.0.6"
| #define PACKAGE_BUGREPORT ""
| #define PACKAGE "ibp"
| #define VERSION "1.4.0.6"
| #define STDC_HEADERS 1
| #define HAVE_SYS_TYPES_H 1
| #define HAVE_SYS_STAT_H 1
| #define HAVE_STDLIB_H 1
| #define HAVE_STRING_H 1
| #define HAVE_MEMORY_H 1
| #define HAVE_STRINGS_H 1
| #define HAVE_INTTYPES_H 1
| #define HAVE_STDINT_H 1
| #define HAVE_UNISTD_H 1
| #define HAVE_ALLOCA_H 1
| #define HAVE_ALLOCA 1
| #define HAVE_DLFCN_H 1
| #define HAVE_LIBPTHREAD 1
| /* end confdefs.h.  */
| 
| /* Override any GCC internal prototype to avoid an error.
|    Use char because int might match the return type of a GCC
|    builtin and then its argument prototype would still apply.  */
| #ifdef __cplusplus
| extern "C"
| #endif
| char c ();
| int
| main ()
| {
| return c ();
|   ;
|   return 0;
| }
configure:20780: result: no
configure:20792: checking for getaddrinfo in -lnsl
configure:20827: gcc -o conftest -g -O2   conftest.c -lnsl  -lpthread  >&5
configure:20833: $? = 0
configure:20851: result: yes
configure:20863: checking for gethostbyname in -lnsl
configure:20898: gcc -o conftest -g -O2   conftest.c -lnsl  -lnsl -lpthread  >&5
configure:20904: $? = 0
configure:20922: result: yes
configure:20934: checking for SSL_free in -lssl
configure:20969: gcc -o conftest -g -O2   conftest.c -lssl  -lnsl -lnsl -lpthread  >&5
/usr/bin/x86_64-linux-gnu-ld: cannot find -lssl
collect2: error: ld returned 1 exit status
configure:20975: $? = 1
configure: failed program was:
| /* confdefs.h.  */
| #define PACKAGE_NAME "ibp"
| #define PACKAGE_TARNAME "ibp"
| #define PACKAGE_VERSION "1.4.0.6"
| #define PACKAGE_STRING "ibp 1.4.0.6"
| #define PACKAGE_BUGREPORT ""
| #define PACKAGE "ibp"
| #define VERSION "1.4.0.6"
| #define STDC_HEADERS 1
| #define HAVE_SYS_TYPES_H 1
| #define HAVE_SYS_STAT_H 1
| #define HAVE_STDLIB_H 1
| #define HAVE_STRING_H 1
| #define HAVE_MEMORY_H 1
| #define HAVE_STRINGS_H 1
| #define HAVE_INTTYPES_H 1
| #define HAVE_STDINT_H 1
| #define HAVE_UNISTD_H 1
| #define HAVE_ALLOCA_H 1
| #define HAVE_ALLOCA 1
| #define HAVE_DLFCN_H 1
| #define HAVE_LIBPTHREAD 1
| #define HAVE_LIBNSL 1
| #define HAVE_LIBNSL 1
| /* end confdefs.h.  */
| 
| /* Override any GCC internal prototype to avoid an error.
|    Use char because int might match the return type of a GCC
|    builtin and then its argument prototype would still apply.  */
| #ifdef __cplusplus
| extern "C"
| #endif
| char SSL_free ();
| int
| main ()
| {
| return SSL_free ();
|   ;
|   return 0;
| }
configure:20993: result: no
configure:21005: checking for X509_NAME_get_text_by_NID in -lcrypto
configure:21040: gcc -o conftest -g -O2   conftest.c -lcrypto  -lnsl -lnsl -lpthread  >&5
/usr/bin/x86_64-linux-gnu-ld: cannot find -lcrypto
collect2: error: ld returned 1 exit status
configure:21046: $? = 1
configure: failed program was:
| /* confdefs.h.  */
| #define PACKAGE_NAME "ibp"
| #define PACKAGE_TARNAME "ibp"
| #define PACKAGE_VERSION "1.4.0.6"
| #define PACKAGE_STRING "ibp 1.4.0.6"
| #define PACKAGE_BUGREPORT ""
| #define PACKAGE "ibp"
| #define VERSION "1.4.0.6"
| #define STDC_HEADERS 1
| #define HAVE_SYS_TYPES_H 1
| #define HAVE_SYS_STAT_H 1
| #define HAVE_STDLIB_H 1
| #define HAVE_STRING_H 1
| #define HAVE_MEMORY_H 1
| #define HAVE_STRINGS_H 1
| #define HAVE_INTTYPES_H 1
| #define HAVE_STDINT_H 1
| #define HAVE_UNISTD_H 1
| #define HAVE_ALLOCA_H 1
| #define HAVE_ALLOCA 1
| #define HAVE_DLFCN_H 1
| #define HAVE_LIBPTHREAD 1
| #define HAVE_LIBNSL 1
| #define HAVE_LIBNSL 1
| /* end confdefs.h.  */
| 
| /* Override any GCC internal prototype to avoid an error.
|    Use char because int might match the return type of a GCC
|    builtin and then its argument prototype would still apply.  */
| #ifdef __cplusplus
| extern "C"
| #endif
| char X509_NAME_get_text_by_NID ();
| int
| main ()
| {
| return X509_NAME_get_text_by_NID ();
|   ;
|   return 0;
| }
configure:21064: result: no
configure:21076: checking for pow in -lm
configure:21111: gcc -o conftest -g -O2   conftest.c -lm  -lnsl -lnsl -lpthread  >&5
conftest.c:33:6: warning: conflicting types for built-in function 'pow' [-Wbuiltin-declaration-mismatch]
 char pow ();
      ^~~
configure:21117: $? = 0
configure:21135: result: yes
configure:21147: checking for dlopen in -ldl
configure:21182: gcc -o conftest -g -O2   conftest.c -ldl  -lm -lnsl -lnsl -lpthread  >&5
configure:21188: $? = 0
configure:21206: result: yes
configure:21226: checking for dirent.h that defines DIR
configure:21255: gcc -c -g -O2  conftest.c >&5
configure:21261: $? = 0
configure:21277: result: yes
configure:21290: checking for library containing opendir
configure:21331: gcc -o conftest -g -O2   conftest.c -ldl -lm -lnsl -lnsl -lpthread  >&5
configure:21337: $? = 0
configure:21365: result: none required
configure:21459: checking for ANSI C header files
configure:21623: result: yes
configure:21633: checking for sys/wait.h that is POSIX.1 compatible
configure:21669: gcc -c -g -O2  conftest.c >&5
configure:21675: $? = 0
configure:21690: result: yes
configure:21722: checking fcntl.h usability
configure:21739: gcc -c -g -O2  conftest.c >&5
configure:21745: $? = 0
configure:21759: result: yes
configure:21763: checking fcntl.h presence
configure:21778: gcc -E  conftest.c
configure:21784: $? = 0
configure:21798: result: yes
configure:21826: checking for fcntl.h
configure:21834: result: yes
configure:21722: checking limits.h usability
configure:21739: gcc -c -g -O2  conftest.c >&5
configure:21745: $? = 0
configure:21759: result: yes
configure:21763: checking limits.h presence
configure:21778: gcc -E  conftest.c
configure:21784: $? = 0
configure:21798: result: yes
configure:21826: checking for limits.h
configure:21834: result: yes
configure:21722: checking malloc.h usability
configure:21739: gcc -c -g -O2  conftest.c >&5
configure:21745: $? = 0
configure:21759: result: yes
configure:21763: checking malloc.h presence
configure:21778: gcc -E  conftest.c
configure:21784: $? = 0
configure:21798: result: yes
configure:21826: checking for malloc.h
configure:21834: result: yes
configure:21712: checking for strings.h
configure:21718: result: yes
configure:21722: checking sys/file.h usability
configure:21739: gcc -c -g -O2  conftest.c >&5
configure:21745: $? = 0
configure:21759: result: yes
configure:21763: checking sys/file.h presence
configure:21778: gcc -E  conftest.c
configure:21784: $? = 0
configure:21798: result: yes
configure:21826: checking for sys/file.h
configure:21834: result: yes
configure:21722: checking sys/time.h usability
configure:21739: gcc -c -g -O2  conftest.c >&5
configure:21745: $? = 0
configure:21759: result: yes
configure:21763: checking sys/time.h presence
configure:21778: gcc -E  conftest.c
configure:21784: $? = 0
configure:21798: result: yes
configure:21826: checking for sys/time.h
configure:21834: result: yes
configure:21712: checking for unistd.h
configure:21718: result: yes
configure:21722: checking ctype.h usability
configure:21739: gcc -c -g -O2  conftest.c >&5
configure:21745: $? = 0
configure:21759: result: yes
configure:21763: checking ctype.h presence
configure:21778: gcc -E  conftest.c
configure:21784: $? = 0
configure:21798: result: yes
configure:21826: checking for ctype.h
configure:21834: result: yes
configure:21866: checking sys/utsname.h usability
configure:21883: gcc -c -g -O2  conftest.c >&5
configure:21889: $? = 0
configure:21903: result: yes
configure:21907: checking sys/utsname.h presence
configure:21922: gcc -E  conftest.c
configure:21928: $? = 0
configure:21942: result: yes
configure:21970: checking for sys/utsname.h
configure:21978: result: yes
configure:21856: checking for sys/wait.h
configure:21862: result: yes
configure:21856: checking for sys/stat.h
configure:21862: result: yes
configure:21866: checking sys/select usability
configure:21883: gcc -c -g -O2  conftest.c >&5
conftest.c:75:10: fatal error: sys/select: No such file or directory
 #include <sys/select>
          ^~~~~~~~~~~~
compilation terminated.
configure:21889: $? = 1
configure: failed program was:
| /* confdefs.h.  */
| #define PACKAGE_NAME "ibp"
| #define PACKAGE_TARNAME "ibp"
| #define PACKAGE_VERSION "1.4.0.6"
| #define PACKAGE_STRING "ibp 1.4.0.6"
| #define PACKAGE_BUGREPORT ""
| #define PACKAGE "ibp"
| #define VERSION "1.4.0.6"
| #define STDC_HEADERS 1
| #define HAVE_SYS_TYPES_H 1
| #define HAVE_SYS_STAT_H 1
| #define HAVE_STDLIB_H 1
| #define HAVE_STRING_H 1
| #define HAVE_MEMORY_H 1
| #define HAVE_STRINGS_H 1
| #define HAVE_INTTYPES_H 1
| #define HAVE_STDINT_H 1
| #define HAVE_UNISTD_H 1
| #define HAVE_ALLOCA_H 1
| #define HAVE_ALLOCA 1
| #define HAVE_DLFCN_H 1
| #define HAVE_LIBPTHREAD 1
| #define HAVE_LIBNSL 1
| #define HAVE_LIBNSL 1
| #define HAVE_LIBM 1
| #define HAVE_LIBDL 1
| #define HAVE_DIRENT_H 1
| #define STDC_HEADERS 1
| #define HAVE_SYS_WAIT_H 1
| #define HAVE_FCNTL_H 1
| #define HAVE_LIMITS_H 1
| #define HAVE_MALLOC_H 1
| #define HAVE_STRINGS_H 1
| #define HAVE_SYS_FILE_H 1
| #define HAVE_SYS_TIME_H 1
| #define HAVE_UNISTD_H 1
| #define HAVE_CTYPE_H 1
| #define HAVE_SYS_UTSNAME_H 1
| #define HAVE_SYS_WAIT_H 1
| #define HAVE_SYS_STAT_H 1
| /* end confdefs.h.  */
| #include <stdio.h>
| #ifdef HAVE_SYS_TYPES_H
| # include <sys/types.h>
| #endif
| #ifdef HAVE_SYS_STAT_H
| # include <sys/stat.h>
| #endif
| #ifdef STDC_HEADERS
| # include <stdlib.h>
| # include <stddef.h>
| #else
| # ifdef HAVE_STDLIB_H
| #  include <stdlib.h>
| # endif
| #endif
| #ifdef HAVE_STRING_H
| # if !defined STDC_HEADERS && defined HAVE_MEMORY_H
| #  include <memory.h>
| # endif
| # include <string.h>
| #endif
| #ifdef HAVE_STRINGS_H
| # include <strings.h>
| #endif
| #ifdef HAVE_INTTYPES_H
| # include <inttypes.h>
| #endif
| #ifdef HAVE_STDINT_H
| # include <stdint.h>
| #endif
| #ifdef HAVE_UNISTD_H
| # include <unistd.h>
| #endif
| #include <sys/select>
configure:21903: result: no
configure:21907: checking sys/select presence
configure:21922: gcc -E  conftest.c
conftest.c:42:10: fatal error: sys/select: No such file or directory
 #include <sys/select>
          ^~~~~~~~~~~~
compilation terminated.
configure:21928: $? = 1
configure: failed program was:
| /* confdefs.h.  */
| #define PACKAGE_NAME "ibp"
| #define PACKAGE_TARNAME "ibp"
| #define PACKAGE_VERSION "1.4.0.6"
| #define PACKAGE_STRING "ibp 1.4.0.6"
| #define PACKAGE_BUGREPORT ""
| #define PACKAGE "ibp"
| #define VERSION "1.4.0.6"
| #define STDC_HEADERS 1
| #define HAVE_SYS_TYPES_H 1
| #define HAVE_SYS_STAT_H 1
| #define HAVE_STDLIB_H 1
| #define HAVE_STRING_H 1
| #define HAVE_MEMORY_H 1
| #define HAVE_STRINGS_H 1
| #define HAVE_INTTYPES_H 1
| #define HAVE_STDINT_H 1
| #define HAVE_UNISTD_H 1
| #define HAVE_ALLOCA_H 1
| #define HAVE_ALLOCA 1
| #define HAVE_DLFCN_H 1
| #define HAVE_LIBPTHREAD 1
| #define HAVE_LIBNSL 1
| #define HAVE_LIBNSL 1
| #define HAVE_LIBM 1
| #define HAVE_LIBDL 1
| #define HAVE_DIRENT_H 1
| #define STDC_HEADERS 1
| #define HAVE_SYS_WAIT_H 1
| #define HAVE_FCNTL_H 1
| #define HAVE_LIMITS_H 1
| #define HAVE_MALLOC_H 1
| #define HAVE_STRINGS_H 1
| #define HAVE_SYS_FILE_H 1
| #define HAVE_SYS_TIME_H 1
| #define HAVE_UNISTD_H 1
| #define HAVE_CTYPE_H 1
| #define HAVE_SYS_UTSNAME_H 1
| #define HAVE_SYS_WAIT_H 1
| #define HAVE_SYS_STAT_H 1
| /* end confdefs.h.  */
| #include <sys/select>
configure:21942: result: no
configure:21970: checking for sys/select
configure:21978: result: no
configure:21866: checking sys/un.h usability
configure:21883: gcc -c -g -O2  conftest.c >&5
configure:21889: $? = 0
configure:21903: result: yes
configure:21907: checking sys/un.h presence
configure:21922: gcc -E  conftest.c
configure:21928: $? = 0
configure:21942: result: yes
configure:21970: checking for sys/un.h
configure:21978: result: yes
configure:22006: checking pthread.h usability
configure:22023: gcc -c -g -O2  conftest.c >&5
configure:22029: $? = 0
configure:22043: result: yes
configure:22047: checking pthread.h presence
configure:22062: gcc -E  conftest.c
configure:22068: $? = 0
configure:22082: result: yes
configure:22110: checking for pthread.h
configure:22118: result: yes
configure:22160: checking sys/mman.h usability
configure:22177: gcc -c -g -O2  conftest.c >&5
configure:22183: $? = 0
configure:22197: result: yes
configure:22201: checking sys/mman.h presence
configure:22216: gcc -E  conftest.c
configure:22222: $? = 0
configure:22236: result: yes
configure:22264: checking for sys/mman.h
configure:22272: result: yes
configure:22160: checking arpa/inet.h usability
configure:22177: gcc -c -g -O2  conftest.c >&5
configure:22183: $? = 0
configure:22197: result: yes
configure:22201: checking arpa/inet.h presence
configure:22216: gcc -E  conftest.c
configure:22222: $? = 0
configure:22236: result: yes
configure:22264: checking for arpa/inet.h
configure:22272: result: yes
configure:22160: checking sys/socket.h usability
configure:22177: gcc -c -g -O2  conftest.c >&5
configure:22183: $? = 0
configure:22197: result: yes
configure:22201: checking sys/socket.h presence
configure:22216: gcc -E  conftest.c
configure:22222: $? = 0
configure:22236: result: yes
configure:22264: checking for sys/socket.h
configure:22272: result: yes
configure:22160: checking netinet/in.h usability
configure:22177: gcc -c -g -O2  conftest.c >&5
configure:22183: $? = 0
configure:22197: result: yes
configure:22201: checking netinet/in.h presence
configure:22216: gcc -E  conftest.c
configure:22222: $? = 0
configure:22236: result: yes
configure:22264: checking for netinet/in.h
configure:22272: result: yes
configure:22160: checking netdb.h usability
configure:22177: gcc -c -g -O2  conftest.c >&5
configure:22183: $? = 0
configure:22197: result: yes
configure:22201: checking netdb.h presence
configure:22216: gcc -E  conftest.c
configure:22222: $? = 0
configure:22236: result: yes
configure:22264: checking for netdb.h
configure:22272: result: yes
configure:22303: checking sys/statvfs.h usability
configure:22320: gcc -c -g -O2  conftest.c >&5
configure:22326: $? = 0
configure:22340: result: yes
configure:22344: checking sys/statvfs.h presence
configure:22359: gcc -E  conftest.c
configure:22365: $? = 0
configure:22379: result: yes
configure:22407: checking for sys/statvfs.h
configure:22415: result: yes
configure:22303: checking sys/vfs.h usability
configure:22320: gcc -c -g -O2  conftest.c >&5
configure:22326: $? = 0
configure:22340: result: yes
configure:22344: checking sys/vfs.h presence
configure:22359: gcc -E  conftest.c
configure:22365: $? = 0
configure:22379: result: yes
configure:22407: checking for sys/vfs.h
configure:22415: result: yes
configure:22303: checking sys/resource.h usability
configure:22320: gcc -c -g -O2  conftest.c >&5
configure:22326: $? = 0
configure:22340: result: yes
configure:22344: checking sys/resource.h presence
configure:22359: gcc -E  conftest.c
configure:22365: $? = 0
configure:22379: result: yes
configure:22407: checking for sys/resource.h
configure:22415: result: yes
configure:22303: checking sys/socketvar.h usability
configure:22320: gcc -c -g -O2  conftest.c >&5
configure:22326: $? = 0
configure:22340: result: yes
configure:22344: checking sys/socketvar.h presence
configure:22359: gcc -E  conftest.c
configure:22365: $? = 0
configure:22379: result: yes
configure:22407: checking for sys/socketvar.h
configure:22415: result: yes
configure:22448: checking sys/sockio.h usability
configure:22465: gcc -c -g -O2  conftest.c >&5
conftest.c:86:10: fatal error: sys/sockio.h: No such file or directory
 #include <sys/sockio.h>
          ^~~~~~~~~~~~~~
compilation terminated.
configure:22471: $? = 1
configure: failed program was:
| /* confdefs.h.  */
| #define PACKAGE_NAME "ibp"
| #define PACKAGE_TARNAME "ibp"
| #define PACKAGE_VERSION "1.4.0.6"
| #define PACKAGE_STRING "ibp 1.4.0.6"
| #define PACKAGE_BUGREPORT ""
| #define PACKAGE "ibp"
| #define VERSION "1.4.0.6"
| #define STDC_HEADERS 1
| #define HAVE_SYS_TYPES_H 1
| #define HAVE_SYS_STAT_H 1
| #define HAVE_STDLIB_H 1
| #define HAVE_STRING_H 1
| #define HAVE_MEMORY_H 1
| #define HAVE_STRINGS_H 1
| #define HAVE_INTTYPES_H 1
| #define HAVE_STDINT_H 1
| #define HAVE_UNISTD_H 1
| #define HAVE_ALLOCA_H 1
| #define HAVE_ALLOCA 1
| #define HAVE_DLFCN_H 1
| #define HAVE_LIBPTHREAD 1
| #define HAVE_LIBNSL 1
| #define HAVE_LIBNSL 1
| #define HAVE_LIBM 1
| #define HAVE_LIBDL 1
| #define HAVE_DIRENT_H 1
| #define STDC_HEADERS 1
| #define HAVE_SYS_WAIT_H 1
| #define HAVE_FCNTL_H 1
| #define HAVE_LIMITS_H 1
| #define HAVE_MALLOC_H 1
| #define HAVE_STRINGS_H 1
| #define HAVE_SYS_FILE_H 1
| #define HAVE_SYS_TIME_H 1
| #define HAVE_UNISTD_H 1
| #define HAVE_CTYPE_H 1
| #define HAVE_SYS_UTSNAME_H 1
| #define HAVE_SYS_WAIT_H 1
| #define HAVE_SYS_STAT_H 1
| #define HAVE_SYS_UN_H 1
| #define HAVE_PTHREAD_H 1
| #define HAVE_SYS_MMAN_H 1
| #define HAVE_ARPA_INET_H 1
| #define HAVE_SYS_SOCKET_H 1
| #define HAVE_NETINET_IN_H 1
| #define HAVE_NETDB_H 1
| #define HAVE_SYS_STATVFS_H 1
| #define HAVE_SYS_VFS_H 1
| #define HAVE_SYS_RESOURCE_H 1
| #define HAVE_SYS_SOCKETVAR_H 1
| /* end confdefs.h.  */
| #include <stdio.h>
| #ifdef HAVE_SYS_TYPES_H
| # include <sys/types.h>
| #endif
| #ifdef HAVE_SYS_STAT_H
| # include <sys/stat.h>
| #endif
| #ifdef STDC_HEADERS
| # include <stdlib.h>
| # include <stddef.h>
| #else
| # ifdef HAVE_STDLIB_H
| #  include <stdlib.h>
| # endif
| #endif
| #ifdef HAVE_STRING_H
| # if !defined STDC_HEADERS && defined HAVE_MEMORY_H
| #  include <memory.h>
| # endif
| # include <string.h>
| #endif
| #ifdef HAVE_STRINGS_H
| # include <strings.h>
| #endif
| #ifdef HAVE_INTTYPES_H
| # include <inttypes.h>
| #endif
| #ifdef HAVE_STDINT_H
| # include <stdint.h>
| #endif
| #ifdef HAVE_UNISTD_H
| # include <unistd.h>
| #endif
| #include <sys/sockio.h>
configure:22485: result: no
configure:22489: checking sys/sockio.h presence
configure:22504: gcc -E  conftest.c
conftest.c:53:10: fatal error: sys/sockio.h: No such file or directory
 #include <sys/sockio.h>
          ^~~~~~~~~~~~~~
compilation terminated.
configure:22510: $? = 1
configure: failed program was:
| /* confdefs.h.  */
| #define PACKAGE_NAME "ibp"
| #define PACKAGE_TARNAME "ibp"
| #define PACKAGE_VERSION "1.4.0.6"
| #define PACKAGE_STRING "ibp 1.4.0.6"
| #define PACKAGE_BUGREPORT ""
| #define PACKAGE "ibp"
| #define VERSION "1.4.0.6"
| #define STDC_HEADERS 1
| #define HAVE_SYS_TYPES_H 1
| #define HAVE_SYS_STAT_H 1
| #define HAVE_STDLIB_H 1
| #define HAVE_STRING_H 1
| #define HAVE_MEMORY_H 1
| #define HAVE_STRINGS_H 1
| #define HAVE_INTTYPES_H 1
| #define HAVE_STDINT_H 1
| #define HAVE_UNISTD_H 1
| #define HAVE_ALLOCA_H 1
| #define HAVE_ALLOCA 1
| #define HAVE_DLFCN_H 1
| #define HAVE_LIBPTHREAD 1
| #define HAVE_LIBNSL 1
| #define HAVE_LIBNSL 1
| #define HAVE_LIBM 1
| #define HAVE_LIBDL 1
| #define HAVE_DIRENT_H 1
| #define STDC_HEADERS 1
| #define HAVE_SYS_WAIT_H 1
| #define HAVE_FCNTL_H 1
| #define HAVE_LIMITS_H 1
| #define HAVE_MALLOC_H 1
| #define HAVE_STRINGS_H 1
| #define HAVE_SYS_FILE_H 1
| #define HAVE_SYS_TIME_H 1
| #define HAVE_UNISTD_H 1
| #define HAVE_CTYPE_H 1
| #define HAVE_SYS_UTSNAME_H 1
| #define HAVE_SYS_WAIT_H 1
| #define HAVE_SYS_STAT_H 1
| #define HAVE_SYS_UN_H 1
| #define HAVE_PTHREAD_H 1
| #define HAVE_SYS_MMAN_H 1
| #define HAVE_ARPA_INET_H 1
| #define HAVE_SYS_SOCKET_H 1
| #define HAVE_NETINET_IN_H 1
| #define HAVE_NETDB_H 1
| #define HAVE_SYS_STATVFS_H 1
| #define HAVE_SYS_VFS_H 1
| #define HAVE_SYS_RESOURCE_H 1
| #define HAVE_SYS_SOCKETVAR_H 1
| /* end confdefs.h.  */
| #include <sys/sockio.h>
configure:22524: result: no
configure:22552: checking for sys/sockio.h
configure:22560: result: no
configure:22448: checking sys/param.h usability
configure:22465: gcc -c -g -O2  conftest.c >&5
configure:22471: $? = 0
configure:22485: result: yes
configure:22489: checking sys/param.h presence
configure:22504: gcc -E  conftest.c
configure:22510: $? = 0
configure:22524: result: yes
configure:22552: checking for sys/param.h
configure:22560: result: yes
configure:22448: checking sys/mount.h usability
configure:22465: gcc -c -g -O2  conftest.c >&5
configure:22471: $? = 0
configure:22485: result: yes
configure:22489: checking sys/mount.h presence
configure:22504: gcc -E  conftest.c
configure:22510: $? = 0
configure:22524: result: yes
configure:22552: checking for sys/mount.h
configure:22560: result: yes
configure:22448: checking assert.h usability
configure:22465: gcc -c -g -O2  conftest.c >&5
configure:22471: $? = 0
configure:22485: result: yes
configure:22489: checking assert.h presence
configure:22504: gcc -E  conftest.c
configure:22510: $? = 0
configure:22524: result: yes
configure:22552: checking for assert.h
configure:22560: result: yes
configure:22438: checking for stdint.h
configure:22444: result: yes
configure:22438: checking for dlfcn.h
configure:22444: result: yes
configure:22588: checking openssl/ssl.h usability
configure:22605: gcc -c -g -O2  conftest.c >&5
conftest.c:91:10: fatal error: openssl/ssl.h: No such file or directory
 #include <openssl/ssl.h>
          ^~~~~~~~~~~~~~~
compilation terminated.
configure:22611: $? = 1
configure: failed program was:
| /* confdefs.h.  */
| #define PACKAGE_NAME "ibp"
| #define PACKAGE_TARNAME "ibp"
| #define PACKAGE_VERSION "1.4.0.6"
| #define PACKAGE_STRING "ibp 1.4.0.6"
| #define PACKAGE_BUGREPORT ""
| #define PACKAGE "ibp"
| #define VERSION "1.4.0.6"
| #define STDC_HEADERS 1
| #define HAVE_SYS_TYPES_H 1
| #define HAVE_SYS_STAT_H 1
| #define HAVE_STDLIB_H 1
| #define HAVE_STRING_H 1
| #define HAVE_MEMORY_H 1
| #define HAVE_STRINGS_H 1
| #define HAVE_INTTYPES_H 1
| #define HAVE_STDINT_H 1
| #define HAVE_UNISTD_H 1
| #define HAVE_ALLOCA_H 1
| #define HAVE_ALLOCA 1
| #define HAVE_DLFCN_H 1
| #define HAVE_LIBPTHREAD 1
| #define HAVE_LIBNSL 1
| #define HAVE_LIBNSL 1
| #define HAVE_LIBM 1
| #define HAVE_LIBDL 1
| #define HAVE_DIRENT_H 1
| #define STDC_HEADERS 1
| #define HAVE_SYS_WAIT_H 1
| #define HAVE_FCNTL_H 1
| #define HAVE_LIMITS_H 1
| #define HAVE_MALLOC_H 1
| #define HAVE_STRINGS_H 1
| #define HAVE_SYS_FILE_H 1
| #define HAVE_SYS_TIME_H 1
| #define HAVE_UNISTD_H 1
| #define HAVE_CTYPE_H 1
| #define HAVE_SYS_UTSNAME_H 1
| #define HAVE_SYS_WAIT_H 1
| #define HAVE_SYS_STAT_H 1
| #define HAVE_SYS_UN_H 1
| #define HAVE_PTHREAD_H 1
| #define HAVE_SYS_MMAN_H 1
| #define HAVE_ARPA_INET_H 1
| #define HAVE_SYS_SOCKET_H 1
| #define HAVE_NETINET_IN_H 1
| #define HAVE_NETDB_H 1
| #define HAVE_SYS_STATVFS_H 1
| #define HAVE_SYS_VFS_H 1
| #define HAVE_SYS_RESOURCE_H 1
| #define HAVE_SYS_SOCKETVAR_H 1
| #define HAVE_SYS_PARAM_H 1
| #define HAVE_SYS_MOUNT_H 1
| #define HAVE_ASSERT_H 1
| #define HAVE_STDINT_H 1
| #define HAVE_DLFCN_H 1
| /* end confdefs.h.  */
| #include <stdio.h>
| #ifdef HAVE_SYS_TYPES_H
| # include <sys/types.h>
| #endif
| #ifdef HAVE_SYS_STAT_H
| # include <sys/stat.h>
| #endif
| #ifdef STDC_HEADERS
| # include <stdlib.h>
| # include <stddef.h>
| #else
| # ifdef HAVE_STDLIB_H
| #  include <stdlib.h>
| # endif
| #endif
| #ifdef HAVE_STRING_H
| # if !defined STDC_HEADERS && defined HAVE_MEMORY_H
| #  include <memory.h>
| # endif
| # include <string.h>
| #endif
| #ifdef HAVE_STRINGS_H
| # include <strings.h>
| #endif
| #ifdef HAVE_INTTYPES_H
| # include <inttypes.h>
| #endif
| #ifdef HAVE_STDINT_H
| # include <stdint.h>
| #endif
| #ifdef HAVE_UNISTD_H
| # include <unistd.h>
| #endif
| #include <openssl/ssl.h>
configure:22625: result: no
configure:22629: checking openssl/ssl.h presence
configure:22644: gcc -E  conftest.c
conftest.c:58:10: fatal error: openssl/ssl.h: No such file or directory
 #include <openssl/ssl.h>
          ^~~~~~~~~~~~~~~
compilation terminated.
configure:22650: $? = 1
configure: failed program was:
| /* confdefs.h.  */
| #define PACKAGE_NAME "ibp"
| #define PACKAGE_TARNAME "ibp"
| #define PACKAGE_VERSION "1.4.0.6"
| #define PACKAGE_STRING "ibp 1.4.0.6"
| #define PACKAGE_BUGREPORT ""
| #define PACKAGE "ibp"
| #define VERSION "1.4.0.6"
| #define STDC_HEADERS 1
| #define HAVE_SYS_TYPES_H 1
| #define HAVE_SYS_STAT_H 1
| #define HAVE_STDLIB_H 1
| #define HAVE_STRING_H 1
| #define HAVE_MEMORY_H 1
| #define HAVE_STRINGS_H 1
| #define HAVE_INTTYPES_H 1
| #define HAVE_STDINT_H 1
| #define HAVE_UNISTD_H 1
| #define HAVE_ALLOCA_H 1
| #define HAVE_ALLOCA 1
| #define HAVE_DLFCN_H 1
| #define HAVE_LIBPTHREAD 1
| #define HAVE_LIBNSL 1
| #define HAVE_LIBNSL 1
| #define HAVE_LIBM 1
| #define HAVE_LIBDL 1
| #define HAVE_DIRENT_H 1
| #define STDC_HEADERS 1
| #define HAVE_SYS_WAIT_H 1
| #define HAVE_FCNTL_H 1
| #define HAVE_LIMITS_H 1
| #define HAVE_MALLOC_H 1
| #define HAVE_STRINGS_H 1
| #define HAVE_SYS_FILE_H 1
| #define HAVE_SYS_TIME_H 1
| #define HAVE_UNISTD_H 1
| #define HAVE_CTYPE_H 1
| #define HAVE_SYS_UTSNAME_H 1
| #define HAVE_SYS_WAIT_H 1
| #define HAVE_SYS_STAT_H 1
| #define HAVE_SYS_UN_H 1
| #define HAVE_PTHREAD_H 1
| #define HAVE_SYS_MMAN_H 1
| #define HAVE_ARPA_INET_H 1
| #define HAVE_SYS_SOCKET_H 1
| #define HAVE_NETINET_IN_H 1
| #define HAVE_NETDB_H 1
| #define HAVE_SYS_STATVFS_H 1
| #define HAVE_SYS_VFS_H 1
| #define HAVE_SYS_RESOURCE_H 1
| #define HAVE_SYS_SOCKETVAR_H 1
| #define HAVE_SYS_PARAM_H 1
| #define HAVE_SYS_MOUNT_H 1
| #define HAVE_ASSERT_H 1
| #define HAVE_STDINT_H 1
| #define HAVE_DLFCN_H 1
| /* end confdefs.h.  */
| #include <openssl/ssl.h>
configure:22664: result: no
configure:22692: checking for openssl/ssl.h
configure:22700: result: no
configure:22744: checking for an ANSI C-conforming const
configure:22819: gcc -c -g -O2  conftest.c >&5
configure:22825: $? = 0
configure:22840: result: yes
configure:22850: checking for size_t
configure:22880: gcc -c -g -O2  conftest.c >&5
configure:22886: $? = 0
configure:22901: result: yes
configure:22913: checking whether time.h and sys/time.h may both be included
configure:22943: gcc -c -g -O2  conftest.c >&5
configure:22949: $? = 0
configure:22964: result: yes
configure:22974: checking for socklen_t
configure:23002: gcc -c -g -O2  conftest.c >&5
configure:23008: $? = 0
configure:23024: result: yes
configure:23034: checking for int64_t
configure:23040: checking for long
configure:23070: gcc -c -g -O2  conftest.c >&5
configure:23076: $? = 0
configure:23091: result: yes
configure:23098: checking size of long
configure:23400: gcc -o conftest -g -O2   conftest.c -ldl -lm -lnsl -lnsl -lpthread  >&5
configure:23403: $? = 0
configure:23409: ./conftest
configure:23412: $? = 0
configure:23435: result: 8
configure:23445: checking for long long
configure:23475: gcc -c -g -O2  conftest.c >&5
configure:23481: $? = 0
configure:23496: result: yes
configure:23503: checking size of long long
configure:23805: gcc -o conftest -g -O2   conftest.c -ldl -lm -lnsl -lnsl -lpthread  >&5
configure:23808: $? = 0
configure:23814: ./conftest
configure:23817: $? = 0
configure:23840: result: 8
configure:23851: checking for int64_t
configure:23881: gcc -c -g -O2  conftest.c >&5
configure:23887: $? = 0
configure:23902: result: yes
configure:23914: checking for u_int64_t
configure:23944: gcc -c -g -O2  conftest.c >&5
configure:23950: $? = 0
configure:23965: result: yes
configure:24111: result: yes
configure:24122: checking for ulong_t
configure:24152: gcc -c -g -O2  conftest.c >&5
conftest.c:95:9: error: unknown type name 'ulong_t'
 typedef ulong_t ac__type_new_;
         ^~~~~~~
configure:24158: $? = 1
configure: failed program was:
| /* confdefs.h.  */
| #define PACKAGE_NAME "ibp"
| #define PACKAGE_TARNAME "ibp"
| #define PACKAGE_VERSION "1.4.0.6"
| #define PACKAGE_STRING "ibp 1.4.0.6"
| #define PACKAGE_BUGREPORT ""
| #define PACKAGE "ibp"
| #define VERSION "1.4.0.6"
| #define STDC_HEADERS 1
| #define HAVE_SYS_TYPES_H 1
| #define HAVE_SYS_STAT_H 1
| #define HAVE_STDLIB_H 1
| #define HAVE_STRING_H 1
| #define HAVE_MEMORY_H 1
| #define HAVE_STRINGS_H 1
| #define HAVE_INTTYPES_H 1
| #define HAVE_STDINT_H 1
| #define HAVE_UNISTD_H 1
| #define HAVE_ALLOCA_H 1
| #define HAVE_ALLOCA 1
| #define HAVE_DLFCN_H 1
| #define HAVE_LIBPTHREAD 1
| #define HAVE_LIBNSL 1
| #define HAVE_LIBNSL 1
| #define HAVE_LIBM 1
| #define HAVE_LIBDL 1
| #define HAVE_DIRENT_H 1
| #define STDC_HEADERS 1
| #define HAVE_SYS_WAIT_H 1
| #define HAVE_FCNTL_H 1
| #define HAVE_LIMITS_H 1
| #define HAVE_MALLOC_H 1
| #define HAVE_STRINGS_H 1
| #define HAVE_SYS_FILE_H 1
| #define HAVE_SYS_TIME_H 1
| #define HAVE_UNISTD_H 1
| #define HAVE_CTYPE_H 1
| #define HAVE_SYS_UTSNAME_H 1
| #define HAVE_SYS_WAIT_H 1
| #define HAVE_SYS_STAT_H 1
| #define HAVE_SYS_UN_H 1
| #define HAVE_PTHREAD_H 1
| #define HAVE_SYS_MMAN_H 1
| #define HAVE_ARPA_INET_H 1
| #define HAVE_SYS_SOCKET_H 1
| #define HAVE_NETINET_IN_H 1
| #define HAVE_NETDB_H 1
| #define HAVE_SYS_STATVFS_H 1
| #define HAVE_SYS_VFS_H 1
| #define HAVE_SYS_RESOURCE_H 1
| #define HAVE_SYS_SOCKETVAR_H 1
| #define HAVE_SYS_PARAM_H 1
| #define HAVE_SYS_MOUNT_H 1
| #define HAVE_ASSERT_H 1
| #define HAVE_STDINT_H 1
| #define HAVE_DLFCN_H 1
| #define TIME_WITH_SYS_TIME 1
| #define SIZEOF_LONG 8
| #define SIZEOF_LONG_LONG 8
| #define HAVE_INT64_T 1
| /* end confdefs.h.  */
| #include <stdio.h>
| #ifdef HAVE_SYS_TYPES_H
| # include <sys/types.h>
| #endif
| #ifdef HAVE_SYS_STAT_H
| # include <sys/stat.h>
| #endif
| #ifdef STDC_HEADERS
| # include <stdlib.h>
| # include <stddef.h>
| #else
| # ifdef HAVE_STDLIB_H
| #  include <stdlib.h>
| # endif
| #endif
| #ifdef HAVE_STRING_H
| # if !defined STDC_HEADERS && defined HAVE_MEMORY_H
| #  include <memory.h>
| # endif
| # include <string.h>
| #endif
| #ifdef HAVE_STRINGS_H
| # include <strings.h>
| #endif
| #ifdef HAVE_INTTYPES_H
| # include <inttypes.h>
| #endif
| #ifdef HAVE_STDINT_H
| # include <stdint.h>
| #endif
| #ifdef HAVE_UNISTD_H
| # include <unistd.h>
| #endif
| typedef ulong_t ac__type_new_;
| int
| main ()
| {
| if ((ac__type_new_ *) 0)
|   return 0;
| if (sizeof (ac__type_new_))
|   return 0;
|   ;
|   return 0;
| }
configure:24173: result: no
configure:24185: checking for ushort_t
configure:24215: gcc -c -g -O2  conftest.c >&5
conftest.c:96:9: error: unknown type name 'ushort_t'
 typedef ushort_t ac__type_new_;
         ^~~~~~~~
configure:24221: $? = 1
configure: failed program was:
| /* confdefs.h.  */
| #define PACKAGE_NAME "ibp"
| #define PACKAGE_TARNAME "ibp"
| #define PACKAGE_VERSION "1.4.0.6"
| #define PACKAGE_STRING "ibp 1.4.0.6"
| #define PACKAGE_BUGREPORT ""
| #define PACKAGE "ibp"
| #define VERSION "1.4.0.6"
| #define STDC_HEADERS 1
| #define HAVE_SYS_TYPES_H 1
| #define HAVE_SYS_STAT_H 1
| #define HAVE_STDLIB_H 1
| #define HAVE_STRING_H 1
| #define HAVE_MEMORY_H 1
| #define HAVE_STRINGS_H 1
| #define HAVE_INTTYPES_H 1
| #define HAVE_STDINT_H 1
| #define HAVE_UNISTD_H 1
| #define HAVE_ALLOCA_H 1
| #define HAVE_ALLOCA 1
| #define HAVE_DLFCN_H 1
| #define HAVE_LIBPTHREAD 1
| #define HAVE_LIBNSL 1
| #define HAVE_LIBNSL 1
| #define HAVE_LIBM 1
| #define HAVE_LIBDL 1
| #define HAVE_DIRENT_H 1
| #define STDC_HEADERS 1
| #define HAVE_SYS_WAIT_H 1
| #define HAVE_FCNTL_H 1
| #define HAVE_LIMITS_H 1
| #define HAVE_MALLOC_H 1
| #define HAVE_STRINGS_H 1
| #define HAVE_SYS_FILE_H 1
| #define HAVE_SYS_TIME_H 1
| #define HAVE_UNISTD_H 1
| #define HAVE_CTYPE_H 1
| #define HAVE_SYS_UTSNAME_H 1
| #define HAVE_SYS_WAIT_H 1
| #define HAVE_SYS_STAT_H 1
| #define HAVE_SYS_UN_H 1
| #define HAVE_PTHREAD_H 1
| #define HAVE_SYS_MMAN_H 1
| #define HAVE_ARPA_INET_H 1
| #define HAVE_SYS_SOCKET_H 1
| #define HAVE_NETINET_IN_H 1
| #define HAVE_NETDB_H 1
| #define HAVE_SYS_STATVFS_H 1
| #define HAVE_SYS_VFS_H 1
| #define HAVE_SYS_RESOURCE_H 1
| #define HAVE_SYS_SOCKETVAR_H 1
| #define HAVE_SYS_PARAM_H 1
| #define HAVE_SYS_MOUNT_H 1
| #define HAVE_ASSERT_H 1
| #define HAVE_STDINT_H 1
| #define HAVE_DLFCN_H 1
| #define TIME_WITH_SYS_TIME 1
| #define SIZEOF_LONG 8
| #define SIZEOF_LONG_LONG 8
| #define HAVE_INT64_T 1
| #define ulong_t unsigned long int
| /* end confdefs.h.  */
| #include <stdio.h>
| #ifdef HAVE_SYS_TYPES_H
| # include <sys/types.h>
| #endif
| #ifdef HAVE_SYS_STAT_H
| # include <sys/stat.h>
| #endif
| #ifdef STDC_HEADERS
| # include <stdlib.h>
| # include <stddef.h>
| #else
| # ifdef HAVE_STDLIB_H
| #  include <stdlib.h>
| # endif
| #endif
| #ifdef HAVE_STRING_H
| # if !defined STDC_HEADERS && defined HAVE_MEMORY_H
| #  include <memory.h>
| # endif
| # include <string.h>
| #endif
| #ifdef HAVE_STRINGS_H
| # include <strings.h>
| #endif
| #ifdef HAVE_INTTYPES_H
| # include <inttypes.h>
| #endif
| #ifdef HAVE_STDINT_H
| # include <stdint.h>
| #endif
| #ifdef HAVE_UNISTD_H
| # include <unistd.h>
| #endif
| typedef ushort_t ac__type_new_;
| int
| main ()
| {
| if ((ac__type_new_ *) 0)
|   return 0;
| if (sizeof (ac__type_new_))
|   return 0;
|   ;
|   return 0;
| }
configure:24236: result: no
configure:24249: checking for struct addrinfo.ai_family
configure:24278: gcc -c -g -O2  conftest.c >&5
configure:24284: $? = 0
configure:24342: result: yes
configure:24358: checking for struct statvfs64.f_bsize
configure:24387: gcc -c -g -O2  conftest.c >&5
conftest.c: In function 'main':
conftest.c:70:25: error: storage size of 'ac_aggr' isn't known
 static struct statvfs64 ac_aggr;
                         ^~~~~~~
configure:24393: $? = 1
configure: failed program was:
| /* confdefs.h.  */
| #define PACKAGE_NAME "ibp"
| #define PACKAGE_TARNAME "ibp"
| #define PACKAGE_VERSION "1.4.0.6"
| #define PACKAGE_STRING "ibp 1.4.0.6"
| #define PACKAGE_BUGREPORT ""
| #define PACKAGE "ibp"
| #define VERSION "1.4.0.6"
| #define STDC_HEADERS 1
| #define HAVE_SYS_TYPES_H 1
| #define HAVE_SYS_STAT_H 1
| #define HAVE_STDLIB_H 1
| #define HAVE_STRING_H 1
| #define HAVE_MEMORY_H 1
| #define HAVE_STRINGS_H 1
| #define HAVE_INTTYPES_H 1
| #define HAVE_STDINT_H 1
| #define HAVE_UNISTD_H 1
| #define HAVE_ALLOCA_H 1
| #define HAVE_ALLOCA 1
| #define HAVE_DLFCN_H 1
| #define HAVE_LIBPTHREAD 1
| #define HAVE_LIBNSL 1
| #define HAVE_LIBNSL 1
| #define HAVE_LIBM 1
| #define HAVE_LIBDL 1
| #define HAVE_DIRENT_H 1
| #define STDC_HEADERS 1
| #define HAVE_SYS_WAIT_H 1
| #define HAVE_FCNTL_H 1
| #define HAVE_LIMITS_H 1
| #define HAVE_MALLOC_H 1
| #define HAVE_STRINGS_H 1
| #define HAVE_SYS_FILE_H 1
| #define HAVE_SYS_TIME_H 1
| #define HAVE_UNISTD_H 1
| #define HAVE_CTYPE_H 1
| #define HAVE_SYS_UTSNAME_H 1
| #define HAVE_SYS_WAIT_H 1
| #define HAVE_SYS_STAT_H 1
| #define HAVE_SYS_UN_H 1
| #define HAVE_PTHREAD_H 1
| #define HAVE_SYS_MMAN_H 1
| #define HAVE_ARPA_INET_H 1
| #define HAVE_SYS_SOCKET_H 1
| #define HAVE_NETINET_IN_H 1
| #define HAVE_NETDB_H 1
| #define HAVE_SYS_STATVFS_H 1
| #define HAVE_SYS_VFS_H 1
| #define HAVE_SYS_RESOURCE_H 1
| #define HAVE_SYS_SOCKETVAR_H 1
| #define HAVE_SYS_PARAM_H 1
| #define HAVE_SYS_MOUNT_H 1
| #define HAVE_ASSERT_H 1
| #define HAVE_STDINT_H 1
| #define HAVE_DLFCN_H 1
| #define TIME_WITH_SYS_TIME 1
| #define SIZEOF_LONG 8
| #define SIZEOF_LONG_LONG 8
| #define HAVE_INT64_T 1
| #define ulong_t unsigned long int
| #define ushort_t unsigned short int
| #define HAVE_STRUCT_ADDRINFO_AI_FAMILY 1
| /* end confdefs.h.  */
| #include <sys/statvfs.h>
| 
| int
| main ()
| {
| static struct statvfs64 ac_aggr;
| if (ac_aggr.f_bsize)
| return 0;
|   ;
|   return 0;
| }
configure:24427: gcc -c -g -O2  conftest.c >&5
conftest.c: In function 'main':
conftest.c:70:25: error: storage size of 'ac_aggr' isn't known
 static struct statvfs64 ac_aggr;
                         ^~~~~~~
configure:24433: $? = 1
configure: failed program was:
| /* confdefs.h.  */
| #define PACKAGE_NAME "ibp"
| #define PACKAGE_TARNAME "ibp"
| #define PACKAGE_VERSION "1.4.0.6"
| #define PACKAGE_STRING "ibp 1.4.0.6"
| #define PACKAGE_BUGREPORT ""
| #define PACKAGE "ibp"
| #define VERSION "1.4.0.6"
| #define STDC_HEADERS 1
| #define HAVE_SYS_TYPES_H 1
| #define HAVE_SYS_STAT_H 1
| #define HAVE_STDLIB_H 1
| #define HAVE_STRING_H 1
| #define HAVE_MEMORY_H 1
| #define HAVE_STRINGS_H 1
| #define HAVE_INTTYPES_H 1
| #define HAVE_STDINT_H 1
| #define HAVE_UNISTD_H 1
| #define HAVE_ALLOCA_H 1
| #define HAVE_ALLOCA 1
| #define HAVE_DLFCN_H 1
| #define HAVE_LIBPTHREAD 1
| #define HAVE_LIBNSL 1
| #define HAVE_LIBNSL 1
| #define HAVE_LIBM 1
| #define HAVE_LIBDL 1
| #define HAVE_DIRENT_H 1
| #define STDC_HEADERS 1
| #define HAVE_SYS_WAIT_H 1
| #define HAVE_FCNTL_H 1
| #define HAVE_LIMITS_H 1
| #define HAVE_MALLOC_H 1
| #define HAVE_STRINGS_H 1
| #define HAVE_SYS_FILE_H 1
| #define HAVE_SYS_TIME_H 1
| #define HAVE_UNISTD_H 1
| #define HAVE_CTYPE_H 1
| #define HAVE_SYS_UTSNAME_H 1
| #define HAVE_SYS_WAIT_H 1
| #define HAVE_SYS_STAT_H 1
| #define HAVE_SYS_UN_H 1
| #define HAVE_PTHREAD_H 1
| #define HAVE_SYS_MMAN_H 1
| #define HAVE_ARPA_INET_H 1
| #define HAVE_SYS_SOCKET_H 1
| #define HAVE_NETINET_IN_H 1
| #define HAVE_NETDB_H 1
| #define HAVE_SYS_STATVFS_H 1
| #define HAVE_SYS_VFS_H 1
| #define HAVE_SYS_RESOURCE_H 1
| #define HAVE_SYS_SOCKETVAR_H 1
| #define HAVE_SYS_PARAM_H 1
| #define HAVE_SYS_MOUNT_H 1
| #define HAVE_ASSERT_H 1
| #define HAVE_STDINT_H 1
| #define HAVE_DLFCN_H 1
| #define TIME_WITH_SYS_TIME 1
| #define SIZEOF_LONG 8
| #define SIZEOF_LONG_LONG 8
| #define HAVE_INT64_T 1
| #define ulong_t unsigned long int
| #define ushort_t unsigned short int
| #define HAVE_STRUCT_ADDRINFO_AI_FAMILY 1
| /* end confdefs.h.  */
| #include <sys/statvfs.h>
| 
| int
| main ()
| {
| static struct statvfs64 ac_aggr;
| if (sizeof ac_aggr.f_bsize)
| return 0;
|   ;
|   return 0;
| }
configure:24451: result: no
configure:24462: checking for struct sockaddr_in.sin_len
configure:24492: gcc -c -g -O2  conftest.c >&5
conftest.c: In function 'main':
conftest.c:72:13: error: 'struct sockaddr_in' has no member named 'sin_len'; did you mean 'sin_zero'?
 if (ac_aggr.sin_len)
             ^~~~~~~
             sin_zero
configure:24498: $? = 1
configure: failed program was:
| /* confdefs.h.  */
| #define PACKAGE_NAME "ibp"
| #define PACKAGE_TARNAME "ibp"
| #define PACKAGE_VERSION "1.4.0.6"
| #define PACKAGE_STRING "ibp 1.4.0.6"
| #define PACKAGE_BUGREPORT ""
| #define PACKAGE "ibp"
| #define VERSION "1.4.0.6"
| #define STDC_HEADERS 1
| #define HAVE_SYS_TYPES_H 1
| #define HAVE_SYS_STAT_H 1
| #define HAVE_STDLIB_H 1
| #define HAVE_STRING_H 1
| #define HAVE_MEMORY_H 1
| #define HAVE_STRINGS_H 1
| #define HAVE_INTTYPES_H 1
| #define HAVE_STDINT_H 1
| #define HAVE_UNISTD_H 1
| #define HAVE_ALLOCA_H 1
| #define HAVE_ALLOCA 1
| #define HAVE_DLFCN_H 1
| #define HAVE_LIBPTHREAD 1
| #define HAVE_LIBNSL 1
| #define HAVE_LIBNSL 1
| #define HAVE_LIBM 1
| #define HAVE_LIBDL 1
| #define HAVE_DIRENT_H 1
| #define STDC_HEADERS 1
| #define HAVE_SYS_WAIT_H 1
| #define HAVE_FCNTL_H 1
| #define HAVE_LIMITS_H 1
| #define HAVE_MALLOC_H 1
| #define HAVE_STRINGS_H 1
| #define HAVE_SYS_FILE_H 1
| #define HAVE_SYS_TIME_H 1
| #define HAVE_UNISTD_H 1
| #define HAVE_CTYPE_H 1
| #define HAVE_SYS_UTSNAME_H 1
| #define HAVE_SYS_WAIT_H 1
| #define HAVE_SYS_STAT_H 1
| #define HAVE_SYS_UN_H 1
| #define HAVE_PTHREAD_H 1
| #define HAVE_SYS_MMAN_H 1
| #define HAVE_ARPA_INET_H 1
| #define HAVE_SYS_SOCKET_H 1
| #define HAVE_NETINET_IN_H 1
| #define HAVE_NETDB_H 1
| #define HAVE_SYS_STATVFS_H 1
| #define HAVE_SYS_VFS_H 1
| #define HAVE_SYS_RESOURCE_H 1
| #define HAVE_SYS_SOCKETVAR_H 1
| #define HAVE_SYS_PARAM_H 1
| #define HAVE_SYS_MOUNT_H 1
| #define HAVE_ASSERT_H 1
| #define HAVE_STDINT_H 1
| #define HAVE_DLFCN_H 1
| #define TIME_WITH_SYS_TIME 1
| #define SIZEOF_LONG 8
| #define SIZEOF_LONG_LONG 8
| #define HAVE_INT64_T 1
| #define ulong_t unsigned long int
| #define ushort_t unsigned short int
| #define HAVE_STRUCT_ADDRINFO_AI_FAMILY 1
| /* end confdefs.h.  */
| #include <stdio.h>
|                                                  #include <netinet/in.h>
| 
| int
| main ()
| {
| static struct sockaddr_in ac_aggr;
| if (ac_aggr.sin_len)
| return 0;
|   ;
|   return 0;
| }
configure:24533: gcc -c -g -O2  conftest.c >&5
conftest.c: In function 'main':
conftest.c:72:20: error: 'struct sockaddr_in' has no member named 'sin_len'; did you mean 'sin_zero'?
 if (sizeof ac_aggr.sin_len)
                    ^~~~~~~
                    sin_zero
configure:24539: $? = 1
configure: failed program was:
| /* confdefs.h.  */
| #define PACKAGE_NAME "ibp"
| #define PACKAGE_TARNAME "ibp"
| #define PACKAGE_VERSION "1.4.0.6"
| #define PACKAGE_STRING "ibp 1.4.0.6"
| #define PACKAGE_BUGREPORT ""
| #define PACKAGE "ibp"
| #define VERSION "1.4.0.6"
| #define STDC_HEADERS 1
| #define HAVE_SYS_TYPES_H 1
| #define HAVE_SYS_STAT_H 1
| #define HAVE_STDLIB_H 1
| #define HAVE_STRING_H 1
| #define HAVE_MEMORY_H 1
| #define HAVE_STRINGS_H 1
| #define HAVE_INTTYPES_H 1
| #define HAVE_STDINT_H 1
| #define HAVE_UNISTD_H 1
| #define HAVE_ALLOCA_H 1
| #define HAVE_ALLOCA 1
| #define HAVE_DLFCN_H 1
| #define HAVE_LIBPTHREAD 1
| #define HAVE_LIBNSL 1
| #define HAVE_LIBNSL 1
| #define HAVE_LIBM 1
| #define HAVE_LIBDL 1
| #define HAVE_DIRENT_H 1
| #define STDC_HEADERS 1
| #define HAVE_SYS_WAIT_H 1
| #define HAVE_FCNTL_H 1
| #define HAVE_LIMITS_H 1
| #define HAVE_MALLOC_H 1
| #define HAVE_STRINGS_H 1
| #define HAVE_SYS_FILE_H 1
| #define HAVE_SYS_TIME_H 1
| #define HAVE_UNISTD_H 1
| #define HAVE_CTYPE_H 1
| #define HAVE_SYS_UTSNAME_H 1
| #define HAVE_SYS_WAIT_H 1
| #define HAVE_SYS_STAT_H 1
| #define HAVE_SYS_UN_H 1
| #define HAVE_PTHREAD_H 1
| #define HAVE_SYS_MMAN_H 1
| #define HAVE_ARPA_INET_H 1
| #define HAVE_SYS_SOCKET_H 1
| #define HAVE_NETINET_IN_H 1
| #define HAVE_NETDB_H 1
| #define HAVE_SYS_STATVFS_H 1
| #define HAVE_SYS_VFS_H 1
| #define HAVE_SYS_RESOURCE_H 1
| #define HAVE_SYS_SOCKETVAR_H 1
| #define HAVE_SYS_PARAM_H 1
| #define HAVE_SYS_MOUNT_H 1
| #define HAVE_ASSERT_H 1
| #define HAVE_STDINT_H 1
| #define HAVE_DLFCN_H 1
| #define TIME_WITH_SYS_TIME 1
| #define SIZEOF_LONG 8
| #define SIZEOF_LONG_LONG 8
| #define HAVE_INT64_T 1
| #define ulong_t unsigned long int
| #define ushort_t unsigned short int
| #define HAVE_STRUCT_ADDRINFO_AI_FAMILY 1
| /* end confdefs.h.  */
| #include <stdio.h>
|                                                  #include <netinet/in.h>
| 
| int
| main ()
| {
| static struct sockaddr_in ac_aggr;
| if (sizeof ac_aggr.sin_len)
| return 0;
|   ;
|   return 0;
| }
configure:24557: result: no
configure:24568: checking return type of signal handlers
configure:24596: gcc -c -g -O2  conftest.c >&5
conftest.c: In function 'main':
conftest.c:71:10: error: void value not ignored as it ought to be
 return *(signal (0, 0)) (0) == 1;
         ~^~~~~~~~~~~~~~~~~~
configure:24602: $? = 1
configure: failed program was:
| /* confdefs.h.  */
| #define PACKAGE_NAME "ibp"
| #define PACKAGE_TARNAME "ibp"
| #define PACKAGE_VERSION "1.4.0.6"
| #define PACKAGE_STRING "ibp 1.4.0.6"
| #define PACKAGE_BUGREPORT ""
| #define PACKAGE "ibp"
| #define VERSION "1.4.0.6"
| #define STDC_HEADERS 1
| #define HAVE_SYS_TYPES_H 1
| #define HAVE_SYS_STAT_H 1
| #define HAVE_STDLIB_H 1
| #define HAVE_STRING_H 1
| #define HAVE_MEMORY_H 1
| #define HAVE_STRINGS_H 1
| #define HAVE_INTTYPES_H 1
| #define HAVE_STDINT_H 1
| #define HAVE_UNISTD_H 1
| #define HAVE_ALLOCA_H 1
| #define HAVE_ALLOCA 1
| #define HAVE_DLFCN_H 1
| #define HAVE_LIBPTHREAD 1
| #define HAVE_LIBNSL 1
| #define HAVE_LIBNSL 1
| #define HAVE_LIBM 1
| #define HAVE_LIBDL 1
| #define HAVE_DIRENT_H 1
| #define STDC_HEADERS 1
| #define HAVE_SYS_WAIT_H 1
| #define HAVE_FCNTL_H 1
| #define HAVE_LIMITS_H 1
| #define HAVE_MALLOC_H 1
| #define HAVE_STRINGS_H 1
| #define HAVE_SYS_FILE_H 1
| #define HAVE_SYS_TIME_H 1
| #define HAVE_UNISTD_H 1
| #define HAVE_CTYPE_H 1
| #define HAVE_SYS_UTSNAME_H 1
| #define HAVE_SYS_WAIT_H 1
| #define HAVE_SYS_STAT_H 1
| #define HAVE_SYS_UN_H 1
| #define HAVE_PTHREAD_H 1
| #define HAVE_SYS_MMAN_H 1
| #define HAVE_ARPA_INET_H 1
| #define HAVE_SYS_SOCKET_H 1
| #define HAVE_NETINET_IN_H 1
| #define HAVE_NETDB_H 1
| #define HAVE_SYS_STATVFS_H 1
| #define HAVE_SYS_VFS_H 1
| #define HAVE_SYS_RESOURCE_H 1
| #define HAVE_SYS_SOCKETVAR_H 1
| #define HAVE_SYS_PARAM_H 1
| #define HAVE_SYS_MOUNT_H 1
| #define HAVE_ASSERT_H 1
| #define HAVE_STDINT_H 1
| #define HAVE_DLFCN_H 1
| #define TIME_WITH_SYS_TIME 1
| #define SIZEOF_LONG 8
| #define SIZEOF_LONG_LONG 8
| #define HAVE_INT64_T 1
| #define ulong_t unsigned long int
| #define ushort_t unsigned short int
| #define HAVE_STRUCT_ADDRINFO_AI_FAMILY 1
| /* end confdefs.h.  */
| #include <sys/types.h>
| #include <signal.h>
| 
| int
| main ()
| {
| return *(signal (0, 0)) (0) == 1;
|   ;
|   return 0;
| }
configure:24617: result: void
configure:24629: checking for vprintf
configure:24685: gcc -o conftest -g -O2   conftest.c -ldl -lm -lnsl -lnsl -lpthread  >&5
conftest.c:89:6: warning: conflicting types for built-in function 'vprintf' [-Wbuiltin-declaration-mismatch]
 char vprintf ();
      ^~~~~~~
configure:24691: $? = 0
configure:24709: result: yes
configure:24716: checking for _doprnt
configure:24772: gcc -o conftest -g -O2   conftest.c -ldl -lm -lnsl -lnsl -lpthread  >&5
/tmp/ccWkalCW.o: In function `main':
/home/alex/Desktop/ibp-1.4.0.6/conftest.c:101: undefined reference to `_doprnt'
collect2: error: ld returned 1 exit status
configure:24778: $? = 1
configure: failed program was:
| /* confdefs.h.  */
| #define PACKAGE_NAME "ibp"
| #define PACKAGE_TARNAME "ibp"
| #define PACKAGE_VERSION "1.4.0.6"
| #define PACKAGE_STRING "ibp 1.4.0.6"
| #define PACKAGE_BUGREPORT ""
| #define PACKAGE "ibp"
| #define VERSION "1.4.0.6"
| #define STDC_HEADERS 1
| #define HAVE_SYS_TYPES_H 1
| #define HAVE_SYS_STAT_H 1
| #define HAVE_STDLIB_H 1
| #define HAVE_STRING_H 1
| #define HAVE_MEMORY_H 1
| #define HAVE_STRINGS_H 1
| #define HAVE_INTTYPES_H 1
| #define HAVE_STDINT_H 1
| #define HAVE_UNISTD_H 1
| #define HAVE_ALLOCA_H 1
| #define HAVE_ALLOCA 1
| #define HAVE_DLFCN_H 1
| #define HAVE_LIBPTHREAD 1
| #define HAVE_LIBNSL 1
| #define HAVE_LIBNSL 1
| #define HAVE_LIBM 1
| #define HAVE_LIBDL 1
| #define HAVE_DIRENT_H 1
| #define STDC_HEADERS 1
| #define HAVE_SYS_WAIT_H 1
| #define HAVE_FCNTL_H 1
| #define HAVE_LIMITS_H 1
| #define HAVE_MALLOC_H 1
| #define HAVE_STRINGS_H 1
| #define HAVE_SYS_FILE_H 1
| #define HAVE_SYS_TIME_H 1
| #define HAVE_UNISTD_H 1
| #define HAVE_CTYPE_H 1
| #define HAVE_SYS_UTSNAME_H 1
| #define HAVE_SYS_WAIT_H 1
| #define HAVE_SYS_STAT_H 1
| #define HAVE_SYS_UN_H 1
| #define HAVE_PTHREAD_H 1
| #define HAVE_SYS_MMAN_H 1
| #define HAVE_ARPA_INET_H 1
| #define HAVE_SYS_SOCKET_H 1
| #define HAVE_NETINET_IN_H 1
| #define HAVE_NETDB_H 1
| #define HAVE_SYS_STATVFS_H 1
| #define HAVE_SYS_VFS_H 1
| #define HAVE_SYS_RESOURCE_H 1
| #define HAVE_SYS_SOCKETVAR_H 1
| #define HAVE_SYS_PARAM_H 1
| #define HAVE_SYS_MOUNT_H 1
| #define HAVE_ASSERT_H 1
| #define HAVE_STDINT_H 1
| #define HAVE_DLFCN_H 1
| #define TIME_WITH_SYS_TIME 1
| #define SIZEOF_LONG 8
| #define SIZEOF_LONG_LONG 8
| #define HAVE_INT64_T 1
| #define ulong_t unsigned long int
| #define ushort_t unsigned short int
| #define HAVE_STRUCT_ADDRINFO_AI_FAMILY 1
| #define RETSIGTYPE void
| #define HAVE_VPRINTF 1
| /* end confdefs.h.  */
| /* Define _doprnt to an innocuous variant, in case <limits.h> declares _doprnt.
|    For example, HP-UX 11i <limits.h> declares gettimeofday.  */
| #define _doprnt innocuous__doprnt
| 
| /* System header to define __stub macros and hopefully few prototypes,
|     which can conflict with char _doprnt (); below.
|     Prefer <limits.h> to <assert.h> if __STDC__ is defined, since
|     <limits.h> exists even on freestanding compilers.  */
| 
| #ifdef __STDC__
| # include <limits.h>
| #else
| # include <assert.h>
| #endif
| 
| #undef _doprnt
| 
| /* Override any GCC internal prototype to avoid an error.
|    Use char because int might match the return type of a GCC
|    builtin and then its argument prototype would still apply.  */
| #ifdef __cplusplus
| extern "C"
| #endif
| char _doprnt ();
| /* The GNU C library defines this for functions which it implements
|     to always fail with ENOSYS.  Some functions are actually named
|     something starting with __ and the normal name is an alias.  */
| #if defined __stub__doprnt || defined __stub____doprnt
| choke me
| #endif
| 
| int
| main ()
| {
| return _doprnt ();
|   ;
|   return 0;
| }
configure:24795: result: no
configure:24818: checking for gettimeofday
configure:24874: gcc -o conftest -g -O2   conftest.c -ldl -lm -lnsl -lnsl -lpthread  >&5
configure:24880: $? = 0
configure:24898: result: yes
configure:24818: checking for select
configure:24874: gcc -o conftest -g -O2   conftest.c -ldl -lm -lnsl -lnsl -lpthread  >&5
configure:24880: $? = 0
configure:24898: result: yes
configure:24818: checking for socket
configure:24874: gcc -o conftest -g -O2   conftest.c -ldl -lm -lnsl -lnsl -lpthread  >&5
configure:24880: $? = 0
configure:24898: result: yes
configure:24818: checking for strdup
configure:24874: gcc -o conftest -g -O2   conftest.c -ldl -lm -lnsl -lnsl -lpthread  >&5
conftest.c:93:6: warning: conflicting types for built-in function 'strdup' [-Wbuiltin-declaration-mismatch]
 char strdup ();
      ^~~~~~
configure:24880: $? = 0
configure:24898: result: yes
configure:24818: checking for strerror
configure:24874: gcc -o conftest -g -O2   conftest.c -ldl -lm -lnsl -lnsl -lpthread  >&5
configure:24880: $? = 0
configure:24898: result: yes
configure:24818: checking for uname
configure:24874: gcc -o conftest -g -O2   conftest.c -ldl -lm -lnsl -lnsl -lpthread  >&5
configure:24880: $? = 0
configure:24898: result: yes
configure:24913: checking for statvfs
configure:24969: gcc -o conftest -g -O2   conftest.c -ldl -lm -lnsl -lnsl -lpthread  >&5
configure:24975: $? = 0
configure:24993: result: yes
configure:24913: checking for statfs
configure:24969: gcc -o conftest -g -O2   conftest.c -ldl -lm -lnsl -lnsl -lpthread  >&5
configure:24975: $? = 0
configure:24993: result: yes
configure:25007: checking for strtok_r
configure:25063: gcc -o conftest -g -O2   conftest.c -ldl -lm -lnsl -lnsl -lpthread  >&5
configure:25069: $? = 0
configure:25087: result: yes
configure:25102: checking for getaddrinfo
configure:25158: gcc -o conftest -g -O2   conftest.c -ldl -lm -lnsl -lnsl -lpthread  >&5
configure:25164: $? = 0
configure:25182: result: yes
configure:25102: checking for freeaddrinfo
configure:25158: gcc -o conftest -g -O2   conftest.c -ldl -lm -lnsl -lnsl -lpthread  >&5
configure:25164: $? = 0
configure:25182: result: yes
configure:25197: checking for getrlimit
configure:25253: gcc -o conftest -g -O2   conftest.c -ldl -lm -lnsl -lnsl -lpthread  >&5
configure:25259: $? = 0
configure:25277: result: yes
configure:25197: checking for setrlimit
configure:25253: gcc -o conftest -g -O2   conftest.c -ldl -lm -lnsl -lnsl -lpthread  >&5
configure:25259: $? = 0
configure:25277: result: yes
configure:25291: checking for statvfs64
configure:25347: gcc -o conftest -g -O2   conftest.c -ldl -lm -lnsl -lnsl -lpthread  >&5
configure:25353: $? = 0
configure:25371: result: yes
configure:25675: creating ./config.status

## ---------------------- ##
## Running config.status. ##
## ---------------------- ##

This file was extended by ibp config.status 1.4.0.6, which was
generated by GNU Autoconf 2.61.  Invocation command line was

  CONFIG_FILES    = 
  CONFIG_HEADERS  = 
  CONFIG_LINKS    = 
  CONFIG_COMMANDS = 
  $ ./config.status 

on abc-aspire1

config.status:702: creating Makefile
config.status:702: creating src/Makefile
config.status:702: creating include/Makefile
config.status:702: creating include/ibp_errno.h
config.status:702: creating include/ibp_net.h
config.status:702: creating include/ibp_version.h
config.status:702: creating src/BLASTER/Makefile
config.status:702: creating include/ibp_mdns.h
config.status:702: creating src/TCP/Makefile
config.status:702: creating src/MULTICAST/Makefile
config.status:702: creating etc/nfu.cfg
config.status:702: creating etc/ibp.cfg
config.status:702: creating src/nfuops/Makefile
config.status:702: creating etc/Makefile
config.status:702: creating doc/Makefile
config.status:702: creating include/config-ibp.h
config.status:1043: executing depfiles commands

## ---------------- ##
## Cache variables. ##
## ---------------- ##

ac_cv_build=x86_64-unknown-linux-gnu
ac_cv_c_compiler_gnu=yes
ac_cv_c_const=yes
ac_cv_cxx_compiler_gnu=yes
ac_cv_env_CCC_set=
ac_cv_env_CCC_value=
ac_cv_env_CC_set=
ac_cv_env_CC_value=
ac_cv_env_CFLAGS_set=
ac_cv_env_CFLAGS_value=
ac_cv_env_CPPFLAGS_set=
ac_cv_env_CPPFLAGS_value=
ac_cv_env_CPP_set=
ac_cv_env_CPP_value=
ac_cv_env_CXXCPP_set=
ac_cv_env_CXXCPP_value=
ac_cv_env_CXXFLAGS_set=
ac_cv_env_CXXFLAGS_value=
ac_cv_env_CXX_set=
ac_cv_env_CXX_value=
ac_cv_env_F77_set=
ac_cv_env_F77_value=
ac_cv_env_FFLAGS_set=
ac_cv_env_FFLAGS_value=
ac_cv_env_LDFLAGS_set=
ac_cv_env_LDFLAGS_value=
ac_cv_env_LIBS_set=
ac_cv_env_LIBS_value=
ac_cv_env_build_alias_set=
ac_cv_env_build_alias_value=
ac_cv_env_host_alias_set=
ac_cv_env_host_alias_value=
ac_cv_env_target_alias_set=
ac_cv_env_target_alias_value=
ac_cv_f77_compiler_gnu=no
ac_cv_func__doprnt=no
ac_cv_func_alloca_works=yes
ac_cv_func_freeaddrinfo=yes
ac_cv_func_getaddrinfo=yes
ac_cv_func_getrlimit=yes
ac_cv_func_gettimeofday=yes
ac_cv_func_select=yes
ac_cv_func_setrlimit=yes
ac_cv_func_socket=yes
ac_cv_func_statfs=yes
ac_cv_func_statvfs64=yes
ac_cv_func_statvfs=yes
ac_cv_func_strdup=yes
ac_cv_func_strerror=yes
ac_cv_func_strtok_r=yes
ac_cv_func_uname=yes
ac_cv_func_vprintf=yes
ac_cv_header_arpa_inet_h=yes
ac_cv_header_assert_h=yes
ac_cv_header_ctype_h=yes
ac_cv_header_dirent_dirent_h=yes
ac_cv_header_dlfcn_h=yes
ac_cv_header_fcntl_h=yes
ac_cv_header_inttypes_h=yes
ac_cv_header_limits_h=yes
ac_cv_header_malloc_h=yes
ac_cv_header_memory_h=yes
ac_cv_header_netdb_h=yes
ac_cv_header_netinet_in_h=yes
ac_cv_header_openssl_ssl_h=no
ac_cv_header_pthread_h=yes
ac_cv_header_stdc=yes
ac_cv_header_stdint_h=yes
ac_cv_header_stdlib_h=yes
ac_cv_header_string_h=yes
ac_cv_header_strings_h=yes
ac_cv_header_sys_file_h=yes
ac_cv_header_sys_mman_h=yes
ac_cv_header_sys_mount_h=yes
ac_cv_header_sys_param_h=yes
ac_cv_header_sys_resource_h=yes
ac_cv_header_sys_select=no
ac_cv_header_sys_socket_h=yes
ac_cv_header_sys_socketvar_h=yes
ac_cv_header_sys_sockio_h=no
ac_cv_header_sys_stat_h=yes
ac_cv_header_sys_statvfs_h=yes
ac_cv_header_sys_time_h=yes
ac_cv_header_sys_types_h=yes
ac_cv_header_sys_un_h=yes
ac_cv_header_sys_utsname_h=yes
ac_cv_header_sys_vfs_h=yes
ac_cv_header_sys_wait_h=yes
ac_cv_header_time=yes
ac_cv_header_unistd_h=yes
ac_cv_host=x86_64-unknown-linux-gnu
ac_cv_lib_c_r_pthread_create=no
ac_cv_lib_crypto_X509_NAME_get_text_by_NID=no
ac_cv_lib_dl_dlopen=yes
ac_cv_lib_getpagesize_c=no
ac_cv_lib_m_pow=yes
ac_cv_lib_nsl_getaddrinfo=yes
ac_cv_lib_nsl_gethostbyname=yes
ac_cv_lib_pthread_pthread_create=yes
ac_cv_lib_socket_connect=no
ac_cv_lib_ssl_SSL_free=no
ac_cv_member_struct_addrinfo_ai_family=yes
ac_cv_member_struct_sockaddr_in_sin_len=no
ac_cv_member_struct_statvfs64_f_bsize=no
ac_cv_objext=o
ac_cv_path_EGREP='/bin/grep -E'
ac_cv_path_GREP=/bin/grep
ac_cv_path_IBP_NFU_PING=/bin/ping
ac_cv_path_install='/usr/bin/install -c'
ac_cv_path_mkdir=/bin/mkdir
ac_cv_prog_AWK=mawk
ac_cv_prog_CPP='gcc -E'
ac_cv_prog_CXXCPP='g++ -E'
ac_cv_prog_ac_ct_AR=ar
ac_cv_prog_ac_ct_CC=gcc
ac_cv_prog_ac_ct_CXX=g++
ac_cv_prog_ac_ct_RANLIB=ranlib
ac_cv_prog_ac_ct_STRIP=strip
ac_cv_prog_cc_c89=
ac_cv_prog_cc_g=yes
ac_cv_prog_cxx_g=yes
ac_cv_prog_f77_g=no
ac_cv_prog_gcc_traditional=no
ac_cv_prog_make_make_set=yes
ac_cv_search_opendir='none required'
ac_cv_sizeof_long=8
ac_cv_sizeof_long_long=8
ac_cv_target=x86_64-unknown-linux-gnu
ac_cv_type_int64_t=yes
ac_cv_type_long=yes
ac_cv_type_long_long=yes
ac_cv_type_signal=void
ac_cv_type_size_t=yes
ac_cv_type_socklen_t=yes
ac_cv_type_u_int64_t=yes
ac_cv_type_ulong_t=no
ac_cv_type_ushort_t=no
ac_cv_working_alloca_h=yes
am_cv_CC_dependencies_compiler_type=gcc3
am_cv_CXX_dependencies_compiler_type=gcc3
lt_cv_deplibs_check_method=pass_all
lt_cv_file_magic_cmd='$MAGIC_CMD'
lt_cv_file_magic_test_file=
lt_cv_ld_reload_flag=-r
lt_cv_objdir=.libs
lt_cv_path_LD=/usr/bin/x86_64-linux-gnu-ld
lt_cv_path_LDCXX='/usr/bin/x86_64-linux-gnu-ld -m elf_x86_64'
lt_cv_path_NM='/usr/bin/nm -B'
lt_cv_path_SED=/bin/sed
lt_cv_prog_compiler_c_o=yes
lt_cv_prog_compiler_c_o_CXX=yes
lt_cv_prog_compiler_pic_works=yes
lt_cv_prog_compiler_pic_works_CXX=yes
lt_cv_prog_compiler_rtti_exceptions=no
lt_cv_prog_compiler_static_works=yes
lt_cv_prog_compiler_static_works_CXX=yes
lt_cv_prog_gnu_ld=yes
lt_cv_prog_gnu_ldcxx=yes
lt_cv_sys_global_symbol_pipe='sed -n -e '\''s/^.*[ 	]\([ABCDGIRSTW][ABCDGIRSTW]*\)[ 	][ 	]*\([_A-Za-z][_A-Za-z0-9]*\)$/\1 \2 \2/p'\'''
lt_cv_sys_global_symbol_to_c_name_address='sed -n -e '\''s/^: \([^ ]*\) $/  {\"\1\", (lt_ptr) 0},/p'\'' -e '\''s/^[BCDEGRST] \([^ ]*\) \([^ ]*\)$/  {"\2", (lt_ptr) \&\2},/p'\'''
lt_cv_sys_global_symbol_to_cdecl='sed -n -e '\''s/^. .* \(.*\)$/extern int \1;/p'\'''
lt_cv_sys_lib_dlsearch_path_spec='/lib /usr/lib /usr/lib/x86_64-linux-gnu/libfakeroot /usr/local/lib /usr/local/lib/x86_64-linux-gnu /lib/x86_64-linux-gnu /usr/lib/x86_64-linux-gnu '
lt_cv_sys_lib_search_path_spec='/usr/lib/gcc/x86_64-linux-gnu/7 /usr/lib/x86_64-linux-gnu /usr/lib /lib/x86_64-linux-gnu /lib'
lt_cv_sys_max_cmd_len=1572864
lt_lt_cv_prog_compiler_c_o='"yes"'
lt_lt_cv_prog_compiler_c_o_CXX='"yes"'
lt_lt_cv_sys_global_symbol_pipe='"sed -n -e '\''s/^.*[ 	]\\([ABCDGIRSTW][ABCDGIRSTW]*\\)[ 	][ 	]*\\([_A-Za-z][_A-Za-z0-9]*\\)\$/\\1 \\2 \\2/p'\''"'
lt_lt_cv_sys_global_symbol_to_c_name_address='"sed -n -e '\''s/^: \\([^ ]*\\) \$/  {\\\"\\1\\\", (lt_ptr) 0},/p'\'' -e '\''s/^[BCDEGRST] \\([^ ]*\\) \\([^ ]*\\)\$/  {\"\\2\", (lt_ptr) \\&\\2},/p'\''"'
lt_lt_cv_sys_global_symbol_to_cdecl='"sed -n -e '\''s/^. .* \\(.*\\)\$/extern int \\1;/p'\''"'

## ----------------- ##
## Output variables. ##
## ----------------- ##

ACLOCAL='${SHELL} /home/alex/Desktop/ibp-1.4.0.6/missing --run aclocal-1.10'
ALLOCA=''
AMDEPBACKSLASH='\'
AMDEP_FALSE='#'
AMDEP_TRUE=''
AMTAR='${SHELL} /home/alex/Desktop/ibp-1.4.0.6/missing --run tar'
AR='ar'
AUTOCONF='${SHELL} /home/alex/Desktop/ibp-1.4.0.6/missing --run autoconf'
AUTOHEADER='${SHELL} /home/alex/Desktop/ibp-1.4.0.6/missing --run autoheader'
AUTOMAKE='${SHELL} /home/alex/Desktop/ibp-1.4.0.6/missing --run automake-1.10'
AWK='mawk'
BONJOUR_FALSE='#'
BONJOUR_TRUE=''
CC='gcc'
CCDEPMODE='depmode=gcc3'
CFLAGS='-g -O2'
CLIENTONLY_FALSE=''
CLIENTONLY_TRUE='#'
CPP='gcc -E'
CPPFLAGS=''
CXX='g++'
CXXCPP='g++ -E'
CXXDEPMODE='depmode=gcc3'
CXXFLAGS='-g -O2'
CYGPATH_W='echo'
DEBUG_FALSE=''
DEBUG_TRUE='#'
DEFS='-DHAVE_CONFIG_H'
DEPDIR='.deps'
DSYMUTIL=''
DYN_LIB_SUFFIX='so'
ECHO='echo'
ECHO_C=''
ECHO_N='-n'
ECHO_T=''
EGREP='/bin/grep -E'
ENABLE_BONJOUR='1'
EXEEXT=''
F77=''
FFLAGS=''
GREP='/bin/grep'
HAVE_FUNC_FREEADDRINFO='1'
HAVE_FUNC_GETADDRINFO='1'
HAVE_STRU_ADDRINFO='1'
IBP_NFU_PING='/bin/ping'
INSTALL_DATA='${INSTALL} -m 644'
INSTALL_PROGRAM='${INSTALL}'
INSTALL_SCRIPT='${INSTALL}'
INSTALL_STRIP_PROGRAM='$(install_sh) -c -s'
LDFLAGS=''
LIBOBJS=''
LIBS='-ldl -lm -lnsl -lnsl -lpthread '
LIBTOOL='$(SHELL) $(top_builddir)/libtool'
LIBTOOL_DEPS='./ltmain.sh'
LN_S='ln -s'
LTLIBOBJS=''
MAKEINFO='${SHELL} /home/alex/Desktop/ibp-1.4.0.6/missing --run makeinfo'
MDNS_FLAGS='-DNOT_HAVE_SA_LEN '
NMEDIT=''
OBJEXT='o'
OSF_OS='0'
PACKAGE='ibp'
PACKAGE_BUGREPORT=''
PACKAGE_NAME='ibp'
PACKAGE_STRING='ibp 1.4.0.6'
PACKAGE_TARNAME='ibp'
PACKAGE_VERSION='1.4.0.6'
PATH_SEPARATOR=':'
PERSISTENT_CONN='1'
PTHREAD_SUPPORTED='1'
RANLIB='ranlib'
SED='/bin/sed'
SET_MAKE=''
SHELL='/bin/bash'
STRIP='strip'
VERSION='1.4.0.6'
ac_ct_CC='gcc'
ac_ct_CXX='g++'
ac_ct_F77=''
am__fastdepCC_FALSE='#'
am__fastdepCC_TRUE=''
am__fastdepCXX_FALSE='#'
am__fastdepCXX_TRUE=''
am__include='include'
am__isrc=''
am__leading_dot='.'
am__quote=''
am__tar='${AMTAR} chof - "$$tardir"'
am__untar='${AMTAR} xf -'
bindir='${exec_prefix}/bin'
build='x86_64-unknown-linux-gnu'
build_alias=''
build_cpu='x86_64'
build_os='linux-gnu'
build_vendor='unknown'
datadir='${datarootdir}'
datarootdir='${prefix}/share'
docdir='${datarootdir}/doc/${PACKAGE_TARNAME}'
dvidir='${docdir}'
exec_prefix='${prefix}'
host='x86_64-unknown-linux-gnu'
host_alias=''
host_cpu='x86_64'
host_os='linux-gnu'
host_vendor='unknown'
htmldir='${docdir}'
includedir='${prefix}/include'
infodir='${datarootdir}/info'
install_sh='$(SHELL) /home/alex/Desktop/ibp-1.4.0.6/install-sh'
libdir='${exec_prefix}/lib'
libexecdir='${exec_prefix}/libexec'
localedir='${datarootdir}/locale'
localstatedir='${prefix}/var'
mandir='${datarootdir}/man'
mkdir_p='/bin/mkdir -p'
oldincludedir='/usr/include'
pdfdir='${docdir}'
prefix='/home/alex/Desktop/ibp-1.4.0.6/local'
program_transform_name='s,x,x,'
psdir='${docdir}'
sbindir='${exec_prefix}/sbin'
sharedstatedir='${prefix}/com'
sysconfdir='${prefix}/etc'
target='x86_64-unknown-linux-gnu'
target_alias=''
target_cpu='x86_64'
target_os='linux-gnu'
target_vendor='unknown'
version_major='1.4'
version_minor='0.4'

## ----------- ##
## confdefs.h. ##
## ----------- ##

#define PACKAGE_NAME "ibp"
#define PACKAGE_TARNAME "ibp"
#define PACKAGE_VERSION "1.4.0.6"
#define PACKAGE_STRING "ibp 1.4.0.6"
#define PACKAGE_BUGREPORT ""
#define PACKAGE "ibp"
#define VERSION "1.4.0.6"
#define STDC_HEADERS 1
#define HAVE_SYS_TYPES_H 1
#define HAVE_SYS_STAT_H 1
#define HAVE_STDLIB_H 1
#define HAVE_STRING_H 1
#define HAVE_MEMORY_H 1
#define HAVE_STRINGS_H 1
#define HAVE_INTTYPES_H 1
#define HAVE_STDINT_H 1
#define HAVE_UNISTD_H 1
#define HAVE_ALLOCA_H 1
#define HAVE_ALLOCA 1
#define HAVE_DLFCN_H 1
#define HAVE_LIBPTHREAD 1
#define HAVE_LIBNSL 1
#define HAVE_LIBNSL 1
#define HAVE_LIBM 1
#define HAVE_LIBDL 1
#define HAVE_DIRENT_H 1
#define STDC_HEADERS 1
#define HAVE_SYS_WAIT_H 1
#define HAVE_FCNTL_H 1
#define HAVE_LIMITS_H 1
#define HAVE_MALLOC_H 1
#define HAVE_STRINGS_H 1
#define HAVE_SYS_FILE_H 1
#define HAVE_SYS_TIME_H 1
#define HAVE_UNISTD_H 1
#define HAVE_CTYPE_H 1
#define HAVE_SYS_UTSNAME_H 1
#define HAVE_SYS_WAIT_H 1
#define HAVE_SYS_STAT_H 1
#define HAVE_SYS_UN_H 1
#define HAVE_PTHREAD_H 1
#define HAVE_SYS_MMAN_H 1
#define HAVE_ARPA_INET_H 1
#define HAVE_SYS_SOCKET_H 1
#define HAVE_NETINET_IN_H 1
#define HAVE_NETDB_H 1
#define HAVE_SYS_STATVFS_H 1
#define HAVE_SYS_VFS_H 1
#define HAVE_SYS_RESOURCE_H 1
#define HAVE_SYS_SOCKETVAR_H 1
#define HAVE_SYS_PARAM_H 1
#define HAVE_SYS_MOUNT_H 1
#define HAVE_ASSERT_H 1
#define HAVE_STDINT_H 1
#define HAVE_DLFCN_H 1
#define TIME_WITH_SYS_TIME 1
#define SIZEOF_LONG 8
#define SIZEOF_LONG_LONG 8
#define HAVE_INT64_T 1
#define ulong_t unsigned long int
#define ushort_t unsigned short int
#define HAVE_STRUCT_ADDRINFO_AI_FAMILY 1
#define RETSIGTYPE void
#define HAVE_VPRINTF 1
#define HAVE_GETTIMEOFDAY 1
#define HAVE_SELECT 1
#define HAVE_SOCKET 1
#define HAVE_STRDUP 1
#define HAVE_STRERROR 1
#define HAVE_UNAME 1
#define HAVE_STATVFS 1
#define HAVE_STATFS 1
#define HAVE_STRTOK_R 1
#define HAVE_GETADDRINFO 1
#define HAVE_FREEADDRINFO 1
#define HAVE_GETRLIMIT 1
#define HAVE_SETRLIMIT 1
#define HAVE_STATVFS64 1

configure: exit 0
